2025-07-18T01:03:23+00:00 ERROR Message: <strong>O banco emissor do cartão recusou seu pagamento</strong><br>Recomendamos que você pague com outro meio de pagamento ou entre em contato com seu banco. \n\n\nStackstrace: #0 /home/u230564252/domains/webdevsolutions.com.br/public_html/jadirstore/wp-content/plugins/woocommerce-mercadopago/src/Gateways/CustomGateway.php(826): MercadoPago\Woocommerce\Gateways\AbstractGateway->handleWithRejectPayment()
#1 /home/u230564252/domains/webdevsolutions.com.br/public_html/jadirstore/wp-content/plugins/woocommerce-mercadopago/src/Gateways/CustomGateway.php(586): MercadoPago\Woocommerce\Gateways\CustomGateway->handleResponseStatus()
#2 /home/u230564252/domains/webdevsolutions.com.br/public_html/jadirstore/wp-content/plugins/woocommerce/src/StoreApi/Legacy.php(56): MercadoPago\Woocommerce\Gateways\CustomGateway->process_payment()
#3 /home/u230564252/domains/webdevsolutions.com.br/public_html/jadirstore/wp-includes/class-wp-hook.php(324): Automattic\WooCommerce\StoreApi\Legacy->process_legacy_payment()
#4 /home/u230564252/domains/webdevsolutions.com.br/public_html/jadirstore/wp-includes/class-wp-hook.php(348): WP_Hook->apply_filters()
#5 /home/u230564252/domains/webdevsolutions.com.br/public_html/jadirstore/wp-includes/plugin.php(565): WP_Hook->do_action()
#6 /home/u230564252/domains/webdevsolutions.com.br/public_html/jadirstore/wp-content/plugins/woocommerce/src/StoreApi/Utilities/CheckoutTrait.php(82): do_action_ref_array()
#7 /home/u230564252/domains/webdevsolutions.com.br/public_html/jadirstore/wp-content/plugins/woocommerce/src/StoreApi/Routes/V1/Checkout.php(557): Automattic\WooCommerce\StoreApi\Routes\V1\Checkout->process_payment()
#8 /home/u230564252/domains/webdevsolutions.com.br/public_html/jadirstore/wp-content/plugins/woocommerce/src/StoreApi/Routes/V1/AbstractRoute.php(119): Automattic\WooCommerce\StoreApi\Routes\V1\Checkout->get_route_post_response()
#9 /home/u230564252/domains/webdevsolutions.com.br/public_html/jadirstore/wp-content/plugins/woocommerce/src/StoreApi/Routes/V1/Checkout.php(158): Automattic\WooCommerce\StoreApi\Routes\V1\AbstractRoute->get_response_by_request_method()
#10 /home/u230564252/domains/webdevsolutions.com.br/public_html/jadirstore/wp-includes/rest-api/class-wp-rest-server.php(1292): Automattic\WooCommerce\StoreApi\Routes\V1\Checkout->get_response()
#11 /home/u230564252/domains/webdevsolutions.com.br/public_html/jadirstore/wp-includes/rest-api/class-wp-rest-server.php(1125): WP_REST_Server->respond_to_request()
#12 /home/u230564252/domains/webdevsolutions.com.br/public_html/jadirstore/wp-includes/rest-api/class-wp-rest-server.php(439): WP_REST_Server->dispatch()
#13 /home/u230564252/domains/webdevsolutions.com.br/public_html/jadirstore/wp-includes/rest-api.php(459): WP_REST_Server->serve_request()
#14 /home/u230564252/domains/webdevsolutions.com.br/public_html/jadirstore/wp-includes/class-wp-hook.php(324): rest_api_loaded()
#15 /home/u230564252/domains/webdevsolutions.com.br/public_html/jadirstore/wp-includes/class-wp-hook.php(348): WP_Hook->apply_filters()
#16 /home/u230564252/domains/webdevsolutions.com.br/public_html/jadirstore/wp-includes/plugin.php(565): WP_Hook->do_action()
#17 /home/u230564252/domains/webdevsolutions.com.br/public_html/jadirstore/wp-includes/class-wp.php(418): do_action_ref_array()
#18 /home/u230564252/domains/webdevsolutions.com.br/public_html/jadirstore/wp-includes/class-wp.php(818): WP->parse_request()
#19 /home/u230564252/domains/webdevsolutions.com.br/public_html/jadirstore/wp-includes/functions.php(1342): WP->main()
#20 /home/u230564252/domains/webdevsolutions.com.br/public_html/jadirstore/wp-blog-header.php(16): wp()
#21 /home/u230564252/domains/webdevsolutions.com.br/public_html/jadirstore/index.php(17): require('/home/u23056425...')
#22 {main} \n\n\n - Context: {
    "id": 1324093226,
    "date_created": "2025-07-17T21:03:22.743-04:00",
    "date_last_updated": "2025-07-17T21:03:23.072-04:00",
    "operation_type": "regular_payment",
    "issuer_id": "18",
    "payment_method_id": "amex",
    "payment_type_id": "credit_card",
    "status": "rejected",
    "status_detail": "cc_rejected_other_reason",
    "currency_id": "BRL",
    "description": "Camiseta Masculina Lisa GuGi Básica Sem Estampa 100% Algodão Macio 30.1 CM01-LISA - Chumbo, GG x 1",
    "live_mode": false,
    "authorization_code": "000000",
    "taxes_amount": 0,
    "shipping_amount": 0,
    "collector_id": 761693161,
    "payer": {
        "id": "1639759465"
    },
    "metadata": {
        "settings": {
            "wallet_button": "yes",
            "commission_checkbox": "no",
            "currency_conversion": "yes",
            "binary_mode": "no",
            "gateway_discount_checkbox": "no",
            "enabled": "yes"
        },
        "checkout_type": "credit_card",
        "seller_website": "https:\/\/jadirstore.webdevsolutions.com.br",
        "php_version": "8.2.27",
        "billing_address": {
            "city_name": "São Paulo",
            "state_name": "SP",
            "country_name": "BR",
            "zip_code": "08130090",
            "street_name": "Casa"
        },
        "module_version": "8.3.1",
        "cpp_extra": {
            "platform_version": "10.0.2",
            "module_version": "8.3.1"
        },
        "blocks_payment": "yes",
        "sponsor_id": "208686191",
        "platform": "bo2hnr2ic4p001kbgpt0",
        "original_notification_url": "https:\/\/jadirstore.webdevsolutions.com.br\/wc-api\/WC_WooMercadoPago_Custom_Gateway\/?source_news=webhooks",
        "platform_version": "10.0.2",
        "auto_update": false,
        "test_mode": "1",
        "site_id": "mlb",
        "theme": {
            "theme_name": "jadir_store"
        },
        "checkout": "custom",
        "user": {
            "user_email": "alexsandropimenta16@gmail.com",
            "registered_user": "yes",
            "user_registration_date": "2025-07-14T23:10:17.000+00:00"
        }
    },
    "additional_info": {
        "ip_address": "2a02:4780:13:1985:0:dbe:219c:4",
        "nsu_processadora": "30121999",
        "items": [
            {
                "quantity": "1",
                "picture_url": "https:\/\/jadirstore.webdevsolutions.com.br\/wp-content\/uploads\/2025\/07\/kf-Af07876437dc34f4386b3a3b27565401d4.webp",
                "category_id": "others",
                "id": "309",
                "title": "Camiseta Masculina Lisa GuGi Básica Sem Estampa 100% Algodão Macio 30.1 CM01-LISA - Chumbo, GG x 1",
                "unit_price": "488.5348"
            }
        ],
        "payer": {
            "address": {
                "zip_code": "08130-090",
                "street_name": "Casa"
            },
            "registration_date": "2025-07-14 23:10:17",
            "phone": {
                "number": "(11) 96881-2993"
            },
            "last_name": "JUNIOR",
            "first_name": "ALEX"
        },
        "shipments": {
            "receiver_address": {
                "zip_code": "08130-090",
                "street_name": "Rua Antônio Maria Escudero Rivas",
                "apartment": "Casa"
            }
        },
        "tracking_id": "platform:v1-whitelabel,so:ALL,type:N\/A,security:none"
    },
    "external_reference": "JADIR STORE337",
    "transaction_amount": 488.53,
    "transaction_amount_refunded": 0,
    "coupon_amount": 0,
    "transaction_details": {
        "net_received_amount": 0,
        "total_paid_amount": 594.1,
        "overpaid_amount": 0,
        "installment_amount": 49.51
    },
    "captured": true,
    "binary_mode": false,
    "statement_descriptor": "Mercadopago*fake",
    "installments": 12,
    "card": {
        "first_six_digits": "375365",
        "last_four_digits": "6885",
        "expiration_month": 11,
        "expiration_year": 2030,
        "date_created": "2025-07-17T21:03:22.000-04:00",
        "date_last_updated": "2025-07-17T21:03:22.000-04:00",
        "country": "NLD",
        "tags": [
            "credit"
        ],
        "cardholder": {
            "name": "JADIR TESTE",
            "identification": {
                "number": "12345678909",
                "type": "CPF"
            }
        }
    },
    "notification_url": "http:\/\/internal.mercadopago.com\/v1\/bifrost\/payment-notification\/webhook\/production?source_news=webhooks&notify_all=false&p=bo2hnr2ic4p001kbgpt0",
    "processing_mode": "aggregator",
    "acquirer": "getnet",
    "point_of_interaction": {
        "type": "UNSPECIFIED",
        "business_info": {
            "unit": "online_payments",
            "sub_unit": "woocommerce",
            "branch": "Merchant Services"
        }
    },
    "build_version": "3.115.0-rc-1",
    "charges_details": [
        {
            "id": "1324093226-001",
            "name": "mercadopago_fee",
            "type": "fee",
            "accounts": {
                "from": "collector",
                "to": "mp"
            },
            "client_id": 0,
            "date_created": "2025-07-17T21:03:22.746-04:00",
            "last_updated": "2025-07-17T21:03:22.746-04:00",
            "amounts": {
                "original": 24.33,
                "refunded": 0
            },
            "metadata": {
                "source": "rule-engine"
            }
        },
        {
            "id": "1324093226-002",
            "name": "financing_transfer",
            "type": "fee",
            "accounts": {
                "from": "payer",
                "to": "collector"
            },
            "client_id": 0,
            "date_created": "2025-07-17T21:03:22.747-04:00",
            "last_updated": "2025-07-17T21:03:22.747-04:00",
            "amounts": {
                "original": 105.57,
                "refunded": 0
            },
            "metadata": {
                "source": "rule-engine"
            }
        },
        {
            "id": "1324093226-003",
            "name": "financing_fee",
            "type": "fee",
            "accounts": {
                "from": "collector",
                "to": "mp"
            },
            "client_id": 0,
            "date_created": "2025-07-17T21:03:22.747-04:00",
            "last_updated": "2025-07-17T21:03:22.747-04:00",
            "amounts": {
                "original": 105.57,
                "refunded": 0
            },
            "metadata": {
                "source": "rule-engine"
            },
            "processing_mode": "test"
        }
    ],
    "money_release_status": "released",
    "payment_method": {
        "id": "amex",
        "type": "credit_card",
        "issuer_id": "18",
        "data": {
            "routing_data": {
                "merchant_account_id": "7187497"
            }
        }
    },
    "platform_id": "bo2hnr2ic4p001kbgpt0"
}
2025-07-18T01:04:10+00:00 ERROR Message: <strong>O banco emissor do cartão recusou seu pagamento</strong><br>Recomendamos que você pague com outro meio de pagamento ou entre em contato com seu banco. \n\n\nStackstrace: #0 /home/u230564252/domains/webdevsolutions.com.br/public_html/jadirstore/wp-content/plugins/woocommerce-mercadopago/src/Gateways/CustomGateway.php(826): MercadoPago\Woocommerce\Gateways\AbstractGateway->handleWithRejectPayment()
#1 /home/u230564252/domains/webdevsolutions.com.br/public_html/jadirstore/wp-content/plugins/woocommerce-mercadopago/src/Gateways/CustomGateway.php(586): MercadoPago\Woocommerce\Gateways\CustomGateway->handleResponseStatus()
#2 /home/u230564252/domains/webdevsolutions.com.br/public_html/jadirstore/wp-content/plugins/woocommerce/src/StoreApi/Legacy.php(56): MercadoPago\Woocommerce\Gateways\CustomGateway->process_payment()
#3 /home/u230564252/domains/webdevsolutions.com.br/public_html/jadirstore/wp-includes/class-wp-hook.php(324): Automattic\WooCommerce\StoreApi\Legacy->process_legacy_payment()
#4 /home/u230564252/domains/webdevsolutions.com.br/public_html/jadirstore/wp-includes/class-wp-hook.php(348): WP_Hook->apply_filters()
#5 /home/u230564252/domains/webdevsolutions.com.br/public_html/jadirstore/wp-includes/plugin.php(565): WP_Hook->do_action()
#6 /home/u230564252/domains/webdevsolutions.com.br/public_html/jadirstore/wp-content/plugins/woocommerce/src/StoreApi/Utilities/CheckoutTrait.php(82): do_action_ref_array()
#7 /home/u230564252/domains/webdevsolutions.com.br/public_html/jadirstore/wp-content/plugins/woocommerce/src/StoreApi/Routes/V1/Checkout.php(557): Automattic\WooCommerce\StoreApi\Routes\V1\Checkout->process_payment()
#8 /home/u230564252/domains/webdevsolutions.com.br/public_html/jadirstore/wp-content/plugins/woocommerce/src/StoreApi/Routes/V1/AbstractRoute.php(119): Automattic\WooCommerce\StoreApi\Routes\V1\Checkout->get_route_post_response()
#9 /home/u230564252/domains/webdevsolutions.com.br/public_html/jadirstore/wp-content/plugins/woocommerce/src/StoreApi/Routes/V1/Checkout.php(158): Automattic\WooCommerce\StoreApi\Routes\V1\AbstractRoute->get_response_by_request_method()
#10 /home/u230564252/domains/webdevsolutions.com.br/public_html/jadirstore/wp-includes/rest-api/class-wp-rest-server.php(1292): Automattic\WooCommerce\StoreApi\Routes\V1\Checkout->get_response()
#11 /home/u230564252/domains/webdevsolutions.com.br/public_html/jadirstore/wp-includes/rest-api/class-wp-rest-server.php(1125): WP_REST_Server->respond_to_request()
#12 /home/u230564252/domains/webdevsolutions.com.br/public_html/jadirstore/wp-includes/rest-api/class-wp-rest-server.php(439): WP_REST_Server->dispatch()
#13 /home/u230564252/domains/webdevsolutions.com.br/public_html/jadirstore/wp-includes/rest-api.php(459): WP_REST_Server->serve_request()
#14 /home/u230564252/domains/webdevsolutions.com.br/public_html/jadirstore/wp-includes/class-wp-hook.php(324): rest_api_loaded()
#15 /home/u230564252/domains/webdevsolutions.com.br/public_html/jadirstore/wp-includes/class-wp-hook.php(348): WP_Hook->apply_filters()
#16 /home/u230564252/domains/webdevsolutions.com.br/public_html/jadirstore/wp-includes/plugin.php(565): WP_Hook->do_action()
#17 /home/u230564252/domains/webdevsolutions.com.br/public_html/jadirstore/wp-includes/class-wp.php(418): do_action_ref_array()
#18 /home/u230564252/domains/webdevsolutions.com.br/public_html/jadirstore/wp-includes/class-wp.php(818): WP->parse_request()
#19 /home/u230564252/domains/webdevsolutions.com.br/public_html/jadirstore/wp-includes/functions.php(1342): WP->main()
#20 /home/u230564252/domains/webdevsolutions.com.br/public_html/jadirstore/wp-blog-header.php(16): wp()
#21 /home/u230564252/domains/webdevsolutions.com.br/public_html/jadirstore/index.php(17): require('/home/u23056425...')
#22 {main} \n\n\n - Context: {
    "id": 1339393961,
    "date_created": "2025-07-17T21:04:07.559-04:00",
    "date_last_updated": "2025-07-17T21:04:09.879-04:00",
    "operation_type": "regular_payment",
    "issuer_id": "12482",
    "payment_method_id": "debelo",
    "payment_type_id": "debit_card",
    "status": "rejected",
    "status_detail": "cc_rejected_other_reason",
    "currency_id": "BRL",
    "description": "Camiseta Masculina Lisa GuGi Básica Sem Estampa 100% Algodão Macio 30.1 CM01-LISA - Chumbo, GG x 1",
    "live_mode": false,
    "authorization_code": "000000",
    "taxes_amount": 0,
    "shipping_amount": 0,
    "collector_id": 761693161,
    "payer": {
        "id": "1639759465"
    },
    "metadata": {
        "settings": {
            "wallet_button": "yes",
            "commission_checkbox": "no",
            "currency_conversion": "yes",
            "binary_mode": "no",
            "gateway_discount_checkbox": "no",
            "enabled": "yes"
        },
        "checkout_type": "credit_card",
        "seller_website": "https:\/\/jadirstore.webdevsolutions.com.br",
        "php_version": "8.2.27",
        "billing_address": {
            "city_name": "São Paulo",
            "state_name": "SP",
            "country_name": "BR",
            "zip_code": "08130090",
            "street_name": "Casa"
        },
        "module_version": "8.3.1",
        "cpp_extra": {
            "platform_version": "10.0.2",
            "module_version": "8.3.1"
        },
        "blocks_payment": "yes",
        "sponsor_id": "208686191",
        "platform": "bo2hnr2ic4p001kbgpt0",
        "original_notification_url": "https:\/\/jadirstore.webdevsolutions.com.br\/wc-api\/WC_WooMercadoPago_Custom_Gateway\/?source_news=webhooks",
        "platform_version": "10.0.2",
        "auto_update": false,
        "test_mode": "1",
        "site_id": "mlb",
        "theme": {
            "theme_name": "jadir_store"
        },
        "checkout": "custom",
        "user": {
            "user_email": "alexsandropimenta16@gmail.com",
            "registered_user": "yes",
            "user_registration_date": "2025-07-14T23:10:17.000+00:00"
        }
    },
    "additional_info": {
        "ip_address": "2a02:4780:13:1985:0:dbe:219c:4",
        "nsu_processadora": "30121999",
        "items": [
            {
                "quantity": "1",
                "picture_url": "https:\/\/jadirstore.webdevsolutions.com.br\/wp-content\/uploads\/2025\/07\/kf-Af07876437dc34f4386b3a3b27565401d4.webp",
                "category_id": "others",
                "id": "309",
                "title": "Camiseta Masculina Lisa GuGi Básica Sem Estampa 100% Algodão Macio 30.1 CM01-LISA - Chumbo, GG x 1",
                "unit_price": "488.5348"
            }
        ],
        "payer": {
            "address": {
                "zip_code": "08130-090",
                "street_name": "Casa"
            },
            "registration_date": "2025-07-14 23:10:17",
            "phone": {
                "number": "(11) 96881-2993"
            },
            "last_name": "JUNIOR",
            "first_name": "ALEX"
        },
        "shipments": {
            "receiver_address": {
                "zip_code": "08130-090",
                "street_name": "Rua Antônio Maria Escudero Rivas",
                "apartment": "Casa"
            }
        },
        "tracking_id": "platform:v1-whitelabel,so:ALL,type:N\/A,security:none"
    },
    "external_reference": "JADIR STORE337",
    "transaction_amount": 488.53,
    "transaction_amount_refunded": 0,
    "coupon_amount": 0,
    "transaction_details": {
        "net_received_amount": 0,
        "total_paid_amount": 488.53,
        "overpaid_amount": 0,
        "installment_amount": 488.53
    },
    "captured": true,
    "binary_mode": false,
    "statement_descriptor": "Mercadopago*fake",
    "installments": 1,
    "card": {
        "first_six_digits": "506776",
        "last_four_digits": "8311",
        "expiration_month": 11,
        "expiration_year": 2030,
        "date_created": "2025-07-17T21:04:08.000-04:00",
        "date_last_updated": "2025-07-17T21:04:08.000-04:00",
        "country": "BRA",
        "tags": [
            "prepaid"
        ],
        "cardholder": {
            "name": "JADIR TESTE",
            "identification": {
                "number": "12345678909",
                "type": "CPF"
            }
        }
    },
    "notification_url": "http:\/\/internal.mercadopago.com\/v1\/bifrost\/payment-notification\/webhook\/production?source_news=webhooks&notify_all=false&p=bo2hnr2ic4p001kbgpt0",
    "processing_mode": "aggregator",
    "acquirer": "stone",
    "point_of_interaction": {
        "type": "UNSPECIFIED",
        "business_info": {
            "unit": "online_payments",
            "sub_unit": "woocommerce",
            "branch": "Merchant Services"
        }
    },
    "build_version": "3.115.0-rc-1",
    "charges_details": [
        {
            "id": "1339393961-001",
            "name": "mercadopago_fee",
            "type": "fee",
            "accounts": {
                "from": "collector",
                "to": "mp"
            },
            "client_id": 0,
            "date_created": "2025-07-17T21:04:07.738-04:00",
            "last_updated": "2025-07-17T21:04:07.738-04:00",
            "amounts": {
                "original": 19.49,
                "refunded": 0
            },
            "metadata": {
                "source": "rule-engine"
            }
        }
    ],
    "money_release_status": "released",
    "payment_method": {
        "id": "debelo",
        "type": "debit_card",
        "issuer_id": "12482",
        "data": {
            "routing_data": {
                "merchant_account_id": "sid_I3ib9dINFZVPFX6jUbjk"
            }
        }
    },
    "platform_id": "bo2hnr2ic4p001kbgpt0"
}
2025-07-18T02:59:05+00:00 ERROR Message: 400 BAD_REQUEST "400 BAD_REQUEST "Post to API RULE_ENGINE fail - "" \n\n\nStackstrace: #0 /home/u230564252/domains/webdevsolutions.com.br/public_html/jadirstore/wp-content/plugins/woocommerce-mercadopago/vendor/mp-plugins/php-sdk/src/Common/AbstractEntity.php(225): MercadoPago\PP\Sdk\Common\Manager->handleResponse()
#1 /home/u230564252/domains/webdevsolutions.com.br/public_html/jadirstore/wp-content/plugins/woocommerce-mercadopago/vendor/mp-plugins/php-sdk/src/Entity/Payment/Payment.php(365): MercadoPago\PP\Sdk\Common\AbstractEntity->save()
#2 /home/u230564252/domains/webdevsolutions.com.br/public_html/jadirstore/wp-content/plugins/woocommerce-mercadopago/src/Transactions/AbstractPaymentTransaction.php(40): MercadoPago\PP\Sdk\Entity\Payment\Payment->save()
#3 /home/u230564252/domains/webdevsolutions.com.br/public_html/jadirstore/wp-content/plugins/woocommerce-mercadopago/src/Gateways/CustomGateway.php(583): MercadoPago\Woocommerce\Transactions\AbstractPaymentTransaction->createPayment()
#4 /home/u230564252/domains/webdevsolutions.com.br/public_html/jadirstore/wp-content/plugins/woocommerce/src/StoreApi/Legacy.php(56): MercadoPago\Woocommerce\Gateways\CustomGateway->process_payment()
#5 /home/u230564252/domains/webdevsolutions.com.br/public_html/jadirstore/wp-includes/class-wp-hook.php(324): Automattic\WooCommerce\StoreApi\Legacy->process_legacy_payment()
#6 /home/u230564252/domains/webdevsolutions.com.br/public_html/jadirstore/wp-includes/class-wp-hook.php(348): WP_Hook->apply_filters()
#7 /home/u230564252/domains/webdevsolutions.com.br/public_html/jadirstore/wp-includes/plugin.php(565): WP_Hook->do_action()
#8 /home/u230564252/domains/webdevsolutions.com.br/public_html/jadirstore/wp-content/plugins/woocommerce/src/StoreApi/Utilities/CheckoutTrait.php(82): do_action_ref_array()
#9 /home/u230564252/domains/webdevsolutions.com.br/public_html/jadirstore/wp-content/plugins/woocommerce/src/StoreApi/Routes/V1/Checkout.php(557): Automattic\WooCommerce\StoreApi\Routes\V1\Checkout->process_payment()
#10 /home/u230564252/domains/webdevsolutions.com.br/public_html/jadirstore/wp-content/plugins/woocommerce/src/StoreApi/Routes/V1/AbstractRoute.php(119): Automattic\WooCommerce\StoreApi\Routes\V1\Checkout->get_route_post_response()
#11 /home/u230564252/domains/webdevsolutions.com.br/public_html/jadirstore/wp-content/plugins/woocommerce/src/StoreApi/Routes/V1/Checkout.php(158): Automattic\WooCommerce\StoreApi\Routes\V1\AbstractRoute->get_response_by_request_method()
#12 /home/u230564252/domains/webdevsolutions.com.br/public_html/jadirstore/wp-includes/rest-api/class-wp-rest-server.php(1292): Automattic\WooCommerce\StoreApi\Routes\V1\Checkout->get_response()
#13 /home/u230564252/domains/webdevsolutions.com.br/public_html/jadirstore/wp-includes/rest-api/class-wp-rest-server.php(1125): WP_REST_Server->respond_to_request()
#14 /home/u230564252/domains/webdevsolutions.com.br/public_html/jadirstore/wp-includes/rest-api/class-wp-rest-server.php(439): WP_REST_Server->dispatch()
#15 /home/u230564252/domains/webdevsolutions.com.br/public_html/jadirstore/wp-includes/rest-api.php(459): WP_REST_Server->serve_request()
#16 /home/u230564252/domains/webdevsolutions.com.br/public_html/jadirstore/wp-includes/class-wp-hook.php(324): rest_api_loaded()
#17 /home/u230564252/domains/webdevsolutions.com.br/public_html/jadirstore/wp-includes/class-wp-hook.php(348): WP_Hook->apply_filters()
#18 /home/u230564252/domains/webdevsolutions.com.br/public_html/jadirstore/wp-includes/plugin.php(565): WP_Hook->do_action()
#19 /home/u230564252/domains/webdevsolutions.com.br/public_html/jadirstore/wp-includes/class-wp.php(418): do_action_ref_array()
#20 /home/u230564252/domains/webdevsolutions.com.br/public_html/jadirstore/wp-includes/class-wp.php(818): WP->parse_request()
#21 /home/u230564252/domains/webdevsolutions.com.br/public_html/jadirstore/wp-includes/functions.php(1342): WP->main()
#22 /home/u230564252/domains/webdevsolutions.com.br/public_html/jadirstore/wp-blog-header.php(16): wp()
#23 /home/u230564252/domains/webdevsolutions.com.br/public_html/jadirstore/index.php(17): require('/home/u23056425...')
#24 {main} \n\n\n - Context: {
    "\u0000*\u0000id": 396,
    "\u0000*\u0000data": {
        "parent_id": 0,
        "status": "pending",
        "currency": "USD",
        "version": "10.0.2",
        "prices_include_tax": false,
        "date_created": {
            "date": "2025-07-17 23:58:01.000000",
            "timezone_type": 3,
            "timezone": "America\/Sao_Paulo"
        },
        "date_modified": {
            "date": "2025-07-17 23:59:04.000000",
            "timezone_type": 3,
            "timezone": "America\/Sao_Paulo"
        },
        "discount_total": "0",
        "discount_tax": "0",
        "shipping_total": "0",
        "shipping_tax": "0",
        "cart_tax": "0",
        "total": "34.30",
        "total_tax": "0",
        "customer_id": 5,
        "order_key": "wc_order_dgj7FZ37ZkRnH",
        "billing": {
            "first_name": "alex",
            "last_name": "sandro",
            "company": "",
            "address_1": "Rua Antônio Maria Escudero Rivas, 181",
            "address_2": "Casa",
            "city": "3832",
            "state": "SP",
            "postcode": "08130-090",
            "country": "BR",
            "email": "alexsandropimenta18@gmail.com",
            "phone": "+5511968812993"
        },
        "shipping": {
            "first_name": "alex",
            "last_name": "sandro",
            "company": "",
            "address_1": "Rua Antônio Maria Escudero Rivas, 181",
            "address_2": "Casa",
            "city": "3832",
            "state": "SP",
            "postcode": "08130-090",
            "country": "BR",
            "phone": "+5511968812993"
        },
        "payment_method": "woo-mercado-pago-custom",
        "payment_method_title": "Cartão de crédito",
        "transaction_id": "",
        "customer_ip_address": "2804:7f0:6482:16d4:891f:db2e:9fd7:5ae",
        "customer_user_agent": "Mozilla\/5.0 (Windows NT 10.0; Win64; x64) AppleWebKit\/537.36 (KHTML, like Gecko) Chrome\/138.0.0.0 Safari\/537.36",
        "created_via": "store-api",
        "customer_note": "",
        "date_completed": null,
        "date_paid": null,
        "cart_hash": "84085227fcc535867cff16b48b905bc7",
        "order_stock_reduced": false,
        "download_permissions_granted": false,
        "new_order_email_sent": false,
        "recorded_sales": false,
        "recorded_coupon_usage_counts": true
    },
    "\u0000*\u0000changes": [],
    "\u0000*\u0000object_read": true,
    "\u0000*\u0000object_type": "order",
    "\u0000*\u0000extra_data": [],
    "\u0000*\u0000default_data": {
        "parent_id": 0,
        "status": "",
        "currency": "",
        "version": "",
        "prices_include_tax": false,
        "date_created": null,
        "date_modified": null,
        "discount_total": 0,
        "discount_tax": 0,
        "shipping_total": 0,
        "shipping_tax": 0,
        "cart_tax": 0,
        "total": 0,
        "total_tax": 0,
        "customer_id": 0,
        "order_key": "",
        "billing": {
            "first_name": "",
            "last_name": "",
            "company": "",
            "address_1": "",
            "address_2": "",
            "city": "",
            "state": "",
            "postcode": "",
            "country": "",
            "email": "",
            "phone": ""
        },
        "shipping": {
            "first_name": "",
            "last_name": "",
            "company": "",
            "address_1": "",
            "address_2": "",
            "city": "",
            "state": "",
            "postcode": "",
            "country": "",
            "phone": ""
        },
        "payment_method": "",
        "payment_method_title": "",
        "transaction_id": "",
        "customer_ip_address": "",
        "customer_user_agent": "",
        "created_via": "",
        "customer_note": "",
        "date_completed": null,
        "date_paid": null,
        "cart_hash": "",
        "order_stock_reduced": false,
        "download_permissions_granted": false,
        "new_order_email_sent": false,
        "recorded_sales": false,
        "recorded_coupon_usage_counts": false
    },
    "\u0000*\u0000data_store": {},
    "\u0000*\u0000cache_group": "orders",
    "\u0000*\u0000meta_data": [
        {
            "id": 6536,
            "key": "_shipping_hash",
            "value": "648d75e2ff30ae96a0e9cec191484ea0"
        },
        {
            "id": 6537,
            "key": "_coupons_hash",
            "value": "d751713988987e9331980363e24189ce"
        },
        {
            "id": 6538,
            "key": "_fees_hash",
            "value": "d751713988987e9331980363e24189ce"
        },
        {
            "id": 6539,
            "key": "_taxes_hash",
            "value": "d751713988987e9331980363e24189ce"
        },
        {
            "id": 6540,
            "key": "is_vat_exempt",
            "value": "no"
        },
        {
            "id": 6556,
            "key": "_wc_order_attribution_source_type",
            "value": "typein"
        },
        {
            "id": 6557,
            "key": "_wc_order_attribution_referrer",
            "value": "https:\/\/jadirstore.webdevsolutions.com.br\/wp-admin\/admin.php?page=wc-settings&tab=checkout&section=rm-pagbank"
        },
        {
            "id": 6558,
            "key": "_wc_order_attribution_utm_source",
            "value": "(direct)"
        },
        {
            "id": 6559,
            "key": "_wc_order_attribution_session_entry",
            "value": "https:\/\/jadirstore.webdevsolutions.com.br\/"
        },
        {
            "id": 6560,
            "key": "_wc_order_attribution_session_start_time",
            "value": "2025-07-17 19:24:06"
        },
        {
            "id": 6561,
            "key": "_wc_order_attribution_session_pages",
            "value": "268"
        },
        {
            "id": 6562,
            "key": "_wc_order_attribution_session_count",
            "value": "4"
        },
        {
            "id": 6563,
            "key": "_wc_order_attribution_user_agent",
            "value": "Mozilla\/5.0 (Windows NT 10.0; Win64; x64) AppleWebKit\/537.36 (KHTML, like Gecko) Chrome\/138.0.0.0 Safari\/537.36"
        },
        {
            "id": 6564,
            "key": "_wc_order_attribution_device_type",
            "value": "Desktop"
        },
        {
            "key": "blocks_payment",
            "value": "yes",
            "id": 6565
        }
    ],
    "\u0000*\u0000legacy_datastore_props": [
        "_recorded_sales",
        "_recorded_coupon_usage_counts",
        "_download_permissions_granted",
        "_order_stock_reduced",
        "_new_order_email_sent"
    ],
    "\u0000*\u0000items": {
        "line_items": {
            "326": {
                "legacy_values": null,
                "legacy_cart_item_key": null,
                "legacy_package_key": null
            }
        },
        "fee_lines": []
    },
    "\u0000*\u0000items_to_delete": [],
    "\u0000*\u0000data_store_name": "order",
    "\u0000*\u0000item_types_to_group": {
        "line_item": "line_items",
        "tax": "tax_lines",
        "shipping": "shipping_lines",
        "fee": "fee_lines",
        "coupon": "coupon_lines"
    },
    "\u0000*\u0000status_transition": false,
    "refunds": [],
    "\u0000*\u0000refunded_line_items": null,
    "customer_id": null
}
2025-07-18T02:59:34+00:00 ERROR Message: 400 BAD_REQUEST "400 BAD_REQUEST "Post to API RULE_ENGINE fail - "" \n\n\nStackstrace: #0 /home/u230564252/domains/webdevsolutions.com.br/public_html/jadirstore/wp-content/plugins/woocommerce-mercadopago/vendor/mp-plugins/php-sdk/src/Common/AbstractEntity.php(225): MercadoPago\PP\Sdk\Common\Manager->handleResponse()
#1 /home/u230564252/domains/webdevsolutions.com.br/public_html/jadirstore/wp-content/plugins/woocommerce-mercadopago/vendor/mp-plugins/php-sdk/src/Entity/Payment/Payment.php(365): MercadoPago\PP\Sdk\Common\AbstractEntity->save()
#2 /home/u230564252/domains/webdevsolutions.com.br/public_html/jadirstore/wp-content/plugins/woocommerce-mercadopago/src/Transactions/AbstractPaymentTransaction.php(40): MercadoPago\PP\Sdk\Entity\Payment\Payment->save()
#3 /home/u230564252/domains/webdevsolutions.com.br/public_html/jadirstore/wp-content/plugins/woocommerce-mercadopago/src/Gateways/CustomGateway.php(583): MercadoPago\Woocommerce\Transactions\AbstractPaymentTransaction->createPayment()
#4 /home/u230564252/domains/webdevsolutions.com.br/public_html/jadirstore/wp-content/plugins/woocommerce/src/StoreApi/Legacy.php(56): MercadoPago\Woocommerce\Gateways\CustomGateway->process_payment()
#5 /home/u230564252/domains/webdevsolutions.com.br/public_html/jadirstore/wp-includes/class-wp-hook.php(324): Automattic\WooCommerce\StoreApi\Legacy->process_legacy_payment()
#6 /home/u230564252/domains/webdevsolutions.com.br/public_html/jadirstore/wp-includes/class-wp-hook.php(348): WP_Hook->apply_filters()
#7 /home/u230564252/domains/webdevsolutions.com.br/public_html/jadirstore/wp-includes/plugin.php(565): WP_Hook->do_action()
#8 /home/u230564252/domains/webdevsolutions.com.br/public_html/jadirstore/wp-content/plugins/woocommerce/src/StoreApi/Utilities/CheckoutTrait.php(82): do_action_ref_array()
#9 /home/u230564252/domains/webdevsolutions.com.br/public_html/jadirstore/wp-content/plugins/woocommerce/src/StoreApi/Routes/V1/Checkout.php(557): Automattic\WooCommerce\StoreApi\Routes\V1\Checkout->process_payment()
#10 /home/u230564252/domains/webdevsolutions.com.br/public_html/jadirstore/wp-content/plugins/woocommerce/src/StoreApi/Routes/V1/AbstractRoute.php(119): Automattic\WooCommerce\StoreApi\Routes\V1\Checkout->get_route_post_response()
#11 /home/u230564252/domains/webdevsolutions.com.br/public_html/jadirstore/wp-content/plugins/woocommerce/src/StoreApi/Routes/V1/Checkout.php(158): Automattic\WooCommerce\StoreApi\Routes\V1\AbstractRoute->get_response_by_request_method()
#12 /home/u230564252/domains/webdevsolutions.com.br/public_html/jadirstore/wp-includes/rest-api/class-wp-rest-server.php(1292): Automattic\WooCommerce\StoreApi\Routes\V1\Checkout->get_response()
#13 /home/u230564252/domains/webdevsolutions.com.br/public_html/jadirstore/wp-includes/rest-api/class-wp-rest-server.php(1125): WP_REST_Server->respond_to_request()
#14 /home/u230564252/domains/webdevsolutions.com.br/public_html/jadirstore/wp-includes/rest-api/class-wp-rest-server.php(439): WP_REST_Server->dispatch()
#15 /home/u230564252/domains/webdevsolutions.com.br/public_html/jadirstore/wp-includes/rest-api.php(459): WP_REST_Server->serve_request()
#16 /home/u230564252/domains/webdevsolutions.com.br/public_html/jadirstore/wp-includes/class-wp-hook.php(324): rest_api_loaded()
#17 /home/u230564252/domains/webdevsolutions.com.br/public_html/jadirstore/wp-includes/class-wp-hook.php(348): WP_Hook->apply_filters()
#18 /home/u230564252/domains/webdevsolutions.com.br/public_html/jadirstore/wp-includes/plugin.php(565): WP_Hook->do_action()
#19 /home/u230564252/domains/webdevsolutions.com.br/public_html/jadirstore/wp-includes/class-wp.php(418): do_action_ref_array()
#20 /home/u230564252/domains/webdevsolutions.com.br/public_html/jadirstore/wp-includes/class-wp.php(818): WP->parse_request()
#21 /home/u230564252/domains/webdevsolutions.com.br/public_html/jadirstore/wp-includes/functions.php(1342): WP->main()
#22 /home/u230564252/domains/webdevsolutions.com.br/public_html/jadirstore/wp-blog-header.php(16): wp()
#23 /home/u230564252/domains/webdevsolutions.com.br/public_html/jadirstore/index.php(17): require('/home/u23056425...')
#24 {main} \n\n\n - Context: {
    "\u0000*\u0000id": 396,
    "\u0000*\u0000data": {
        "parent_id": 0,
        "status": "pending",
        "currency": "USD",
        "version": "10.0.2",
        "prices_include_tax": false,
        "date_created": {
            "date": "2025-07-17 23:58:01.000000",
            "timezone_type": 3,
            "timezone": "America\/Sao_Paulo"
        },
        "date_modified": {
            "date": "2025-07-17 23:59:04.000000",
            "timezone_type": 3,
            "timezone": "America\/Sao_Paulo"
        },
        "discount_total": "0",
        "discount_tax": "0",
        "shipping_total": "0",
        "shipping_tax": "0",
        "cart_tax": "0",
        "total": "34.30",
        "total_tax": "0",
        "customer_id": 5,
        "order_key": "wc_order_dgj7FZ37ZkRnH",
        "billing": {
            "first_name": "alex",
            "last_name": "sandro",
            "company": "",
            "address_1": "Rua Antônio Maria Escudero Rivas, 181",
            "address_2": "Casa",
            "city": "3832",
            "state": "SP",
            "postcode": "08130-090",
            "country": "BR",
            "email": "alexsandropimenta18@gmail.com",
            "phone": "+5511968812993"
        },
        "shipping": {
            "first_name": "alex",
            "last_name": "sandro",
            "company": "",
            "address_1": "Rua Antônio Maria Escudero Rivas, 181",
            "address_2": "Casa",
            "city": "3832",
            "state": "SP",
            "postcode": "08130-090",
            "country": "BR",
            "phone": "+5511968812993"
        },
        "payment_method": "woo-mercado-pago-custom",
        "payment_method_title": "Cartão de crédito",
        "transaction_id": "",
        "customer_ip_address": "2804:7f0:6482:16d4:891f:db2e:9fd7:5ae",
        "customer_user_agent": "Mozilla\/5.0 (Windows NT 10.0; Win64; x64) AppleWebKit\/537.36 (KHTML, like Gecko) Chrome\/138.0.0.0 Safari\/537.36",
        "created_via": "store-api",
        "customer_note": "",
        "date_completed": null,
        "date_paid": null,
        "cart_hash": "84085227fcc535867cff16b48b905bc7",
        "order_stock_reduced": false,
        "download_permissions_granted": false,
        "new_order_email_sent": false,
        "recorded_sales": false,
        "recorded_coupon_usage_counts": true
    },
    "\u0000*\u0000changes": [],
    "\u0000*\u0000object_read": true,
    "\u0000*\u0000object_type": "order",
    "\u0000*\u0000extra_data": [],
    "\u0000*\u0000default_data": {
        "parent_id": 0,
        "status": "",
        "currency": "",
        "version": "",
        "prices_include_tax": false,
        "date_created": null,
        "date_modified": null,
        "discount_total": 0,
        "discount_tax": 0,
        "shipping_total": 0,
        "shipping_tax": 0,
        "cart_tax": 0,
        "total": 0,
        "total_tax": 0,
        "customer_id": 0,
        "order_key": "",
        "billing": {
            "first_name": "",
            "last_name": "",
            "company": "",
            "address_1": "",
            "address_2": "",
            "city": "",
            "state": "",
            "postcode": "",
            "country": "",
            "email": "",
            "phone": ""
        },
        "shipping": {
            "first_name": "",
            "last_name": "",
            "company": "",
            "address_1": "",
            "address_2": "",
            "city": "",
            "state": "",
            "postcode": "",
            "country": "",
            "phone": ""
        },
        "payment_method": "",
        "payment_method_title": "",
        "transaction_id": "",
        "customer_ip_address": "",
        "customer_user_agent": "",
        "created_via": "",
        "customer_note": "",
        "date_completed": null,
        "date_paid": null,
        "cart_hash": "",
        "order_stock_reduced": false,
        "download_permissions_granted": false,
        "new_order_email_sent": false,
        "recorded_sales": false,
        "recorded_coupon_usage_counts": false
    },
    "\u0000*\u0000data_store": {},
    "\u0000*\u0000cache_group": "orders",
    "\u0000*\u0000meta_data": [
        {
            "id": 6536,
            "key": "_shipping_hash",
            "value": "648d75e2ff30ae96a0e9cec191484ea0"
        },
        {
            "id": 6537,
            "key": "_coupons_hash",
            "value": "d751713988987e9331980363e24189ce"
        },
        {
            "id": 6538,
            "key": "_fees_hash",
            "value": "d751713988987e9331980363e24189ce"
        },
        {
            "id": 6539,
            "key": "_taxes_hash",
            "value": "d751713988987e9331980363e24189ce"
        },
        {
            "id": 6540,
            "key": "is_vat_exempt",
            "value": "no"
        },
        {
            "id": 6556,
            "key": "_wc_order_attribution_source_type",
            "value": "typein"
        },
        {
            "id": 6557,
            "key": "_wc_order_attribution_referrer",
            "value": "https:\/\/jadirstore.webdevsolutions.com.br\/wp-admin\/admin.php?page=wc-settings&tab=checkout&section=rm-pagbank"
        },
        {
            "id": 6558,
            "key": "_wc_order_attribution_utm_source",
            "value": "(direct)"
        },
        {
            "id": 6559,
            "key": "_wc_order_attribution_session_entry",
            "value": "https:\/\/jadirstore.webdevsolutions.com.br\/"
        },
        {
            "id": 6560,
            "key": "_wc_order_attribution_session_start_time",
            "value": "2025-07-17 19:24:06"
        },
        {
            "id": 6561,
            "key": "_wc_order_attribution_session_pages",
            "value": "268"
        },
        {
            "id": 6562,
            "key": "_wc_order_attribution_session_count",
            "value": "4"
        },
        {
            "id": 6563,
            "key": "_wc_order_attribution_user_agent",
            "value": "Mozilla\/5.0 (Windows NT 10.0; Win64; x64) AppleWebKit\/537.36 (KHTML, like Gecko) Chrome\/138.0.0.0 Safari\/537.36"
        },
        {
            "id": 6564,
            "key": "_wc_order_attribution_device_type",
            "value": "Desktop"
        },
        {
            "id": 6565,
            "key": "blocks_payment",
            "value": "yes"
        },
        {
            "id": 6566,
            "key": "is_production_mode",
            "value": "no"
        },
        {
            "id": 6567,
            "key": "_used_gateway",
            "value": "woo-mercado-pago-custom"
        }
    ],
    "\u0000*\u0000legacy_datastore_props": [
        "_recorded_sales",
        "_recorded_coupon_usage_counts",
        "_download_permissions_granted",
        "_order_stock_reduced",
        "_new_order_email_sent"
    ],
    "\u0000*\u0000items": {
        "line_items": {
            "326": {
                "legacy_values": null,
                "legacy_cart_item_key": null,
                "legacy_package_key": null
            }
        },
        "fee_lines": []
    },
    "\u0000*\u0000items_to_delete": [],
    "\u0000*\u0000data_store_name": "order",
    "\u0000*\u0000item_types_to_group": {
        "line_item": "line_items",
        "tax": "tax_lines",
        "shipping": "shipping_lines",
        "fee": "fee_lines",
        "coupon": "coupon_lines"
    },
    "\u0000*\u0000status_transition": false,
    "refunds": [],
    "\u0000*\u0000refunded_line_items": null,
    "customer_id": null
}
2025-07-18T03:00:14+00:00 ERROR Message: 400 BAD_REQUEST "400 BAD_REQUEST "Post to API RULE_ENGINE fail - "" \n\n\nStackstrace: #0 /home/u230564252/domains/webdevsolutions.com.br/public_html/jadirstore/wp-content/plugins/woocommerce-mercadopago/vendor/mp-plugins/php-sdk/src/Common/AbstractEntity.php(225): MercadoPago\PP\Sdk\Common\Manager->handleResponse()
#1 /home/u230564252/domains/webdevsolutions.com.br/public_html/jadirstore/wp-content/plugins/woocommerce-mercadopago/vendor/mp-plugins/php-sdk/src/Entity/Payment/Payment.php(365): MercadoPago\PP\Sdk\Common\AbstractEntity->save()
#2 /home/u230564252/domains/webdevsolutions.com.br/public_html/jadirstore/wp-content/plugins/woocommerce-mercadopago/src/Transactions/AbstractPaymentTransaction.php(40): MercadoPago\PP\Sdk\Entity\Payment\Payment->save()
#3 /home/u230564252/domains/webdevsolutions.com.br/public_html/jadirstore/wp-content/plugins/woocommerce-mercadopago/src/Gateways/CustomGateway.php(583): MercadoPago\Woocommerce\Transactions\AbstractPaymentTransaction->createPayment()
#4 /home/u230564252/domains/webdevsolutions.com.br/public_html/jadirstore/wp-content/plugins/woocommerce/src/StoreApi/Legacy.php(56): MercadoPago\Woocommerce\Gateways\CustomGateway->process_payment()
#5 /home/u230564252/domains/webdevsolutions.com.br/public_html/jadirstore/wp-includes/class-wp-hook.php(324): Automattic\WooCommerce\StoreApi\Legacy->process_legacy_payment()
#6 /home/u230564252/domains/webdevsolutions.com.br/public_html/jadirstore/wp-includes/class-wp-hook.php(348): WP_Hook->apply_filters()
#7 /home/u230564252/domains/webdevsolutions.com.br/public_html/jadirstore/wp-includes/plugin.php(565): WP_Hook->do_action()
#8 /home/u230564252/domains/webdevsolutions.com.br/public_html/jadirstore/wp-content/plugins/woocommerce/src/StoreApi/Utilities/CheckoutTrait.php(82): do_action_ref_array()
#9 /home/u230564252/domains/webdevsolutions.com.br/public_html/jadirstore/wp-content/plugins/woocommerce/src/StoreApi/Routes/V1/Checkout.php(557): Automattic\WooCommerce\StoreApi\Routes\V1\Checkout->process_payment()
#10 /home/u230564252/domains/webdevsolutions.com.br/public_html/jadirstore/wp-content/plugins/woocommerce/src/StoreApi/Routes/V1/AbstractRoute.php(119): Automattic\WooCommerce\StoreApi\Routes\V1\Checkout->get_route_post_response()
#11 /home/u230564252/domains/webdevsolutions.com.br/public_html/jadirstore/wp-content/plugins/woocommerce/src/StoreApi/Routes/V1/Checkout.php(158): Automattic\WooCommerce\StoreApi\Routes\V1\AbstractRoute->get_response_by_request_method()
#12 /home/u230564252/domains/webdevsolutions.com.br/public_html/jadirstore/wp-includes/rest-api/class-wp-rest-server.php(1292): Automattic\WooCommerce\StoreApi\Routes\V1\Checkout->get_response()
#13 /home/u230564252/domains/webdevsolutions.com.br/public_html/jadirstore/wp-includes/rest-api/class-wp-rest-server.php(1125): WP_REST_Server->respond_to_request()
#14 /home/u230564252/domains/webdevsolutions.com.br/public_html/jadirstore/wp-includes/rest-api/class-wp-rest-server.php(439): WP_REST_Server->dispatch()
#15 /home/u230564252/domains/webdevsolutions.com.br/public_html/jadirstore/wp-includes/rest-api.php(459): WP_REST_Server->serve_request()
#16 /home/u230564252/domains/webdevsolutions.com.br/public_html/jadirstore/wp-includes/class-wp-hook.php(324): rest_api_loaded()
#17 /home/u230564252/domains/webdevsolutions.com.br/public_html/jadirstore/wp-includes/class-wp-hook.php(348): WP_Hook->apply_filters()
#18 /home/u230564252/domains/webdevsolutions.com.br/public_html/jadirstore/wp-includes/plugin.php(565): WP_Hook->do_action()
#19 /home/u230564252/domains/webdevsolutions.com.br/public_html/jadirstore/wp-includes/class-wp.php(418): do_action_ref_array()
#20 /home/u230564252/domains/webdevsolutions.com.br/public_html/jadirstore/wp-includes/class-wp.php(818): WP->parse_request()
#21 /home/u230564252/domains/webdevsolutions.com.br/public_html/jadirstore/wp-includes/functions.php(1342): WP->main()
#22 /home/u230564252/domains/webdevsolutions.com.br/public_html/jadirstore/wp-blog-header.php(16): wp()
#23 /home/u230564252/domains/webdevsolutions.com.br/public_html/jadirstore/index.php(17): require('/home/u23056425...')
#24 {main} \n\n\n - Context: {
    "\u0000*\u0000id": 396,
    "\u0000*\u0000data": {
        "parent_id": 0,
        "status": "pending",
        "currency": "USD",
        "version": "10.0.2",
        "prices_include_tax": false,
        "date_created": {
            "date": "2025-07-17 23:58:01.000000",
            "timezone_type": 3,
            "timezone": "America\/Sao_Paulo"
        },
        "date_modified": {
            "date": "2025-07-17 23:59:04.000000",
            "timezone_type": 3,
            "timezone": "America\/Sao_Paulo"
        },
        "discount_total": "0",
        "discount_tax": "0",
        "shipping_total": "0",
        "shipping_tax": "0",
        "cart_tax": "0",
        "total": "34.30",
        "total_tax": "0",
        "customer_id": 5,
        "order_key": "wc_order_dgj7FZ37ZkRnH",
        "billing": {
            "first_name": "alex",
            "last_name": "sandro",
            "company": "",
            "address_1": "Rua Antônio Maria Escudero Rivas, 181",
            "address_2": "Casa",
            "city": "3832",
            "state": "SP",
            "postcode": "08130-090",
            "country": "BR",
            "email": "alexsandropimenta18@gmail.com",
            "phone": "+5511968812993"
        },
        "shipping": {
            "first_name": "alex",
            "last_name": "sandro",
            "company": "",
            "address_1": "Rua Antônio Maria Escudero Rivas, 181",
            "address_2": "Casa",
            "city": "3832",
            "state": "SP",
            "postcode": "08130-090",
            "country": "BR",
            "phone": "+5511968812993"
        },
        "payment_method": "woo-mercado-pago-custom",
        "payment_method_title": "Cartão de crédito",
        "transaction_id": "",
        "customer_ip_address": "2804:7f0:6482:16d4:891f:db2e:9fd7:5ae",
        "customer_user_agent": "Mozilla\/5.0 (Windows NT 10.0; Win64; x64) AppleWebKit\/537.36 (KHTML, like Gecko) Chrome\/138.0.0.0 Safari\/537.36",
        "created_via": "store-api",
        "customer_note": "",
        "date_completed": null,
        "date_paid": null,
        "cart_hash": "84085227fcc535867cff16b48b905bc7",
        "order_stock_reduced": false,
        "download_permissions_granted": false,
        "new_order_email_sent": false,
        "recorded_sales": false,
        "recorded_coupon_usage_counts": true
    },
    "\u0000*\u0000changes": [],
    "\u0000*\u0000object_read": true,
    "\u0000*\u0000object_type": "order",
    "\u0000*\u0000extra_data": [],
    "\u0000*\u0000default_data": {
        "parent_id": 0,
        "status": "",
        "currency": "",
        "version": "",
        "prices_include_tax": false,
        "date_created": null,
        "date_modified": null,
        "discount_total": 0,
        "discount_tax": 0,
        "shipping_total": 0,
        "shipping_tax": 0,
        "cart_tax": 0,
        "total": 0,
        "total_tax": 0,
        "customer_id": 0,
        "order_key": "",
        "billing": {
            "first_name": "",
            "last_name": "",
            "company": "",
            "address_1": "",
            "address_2": "",
            "city": "",
            "state": "",
            "postcode": "",
            "country": "",
            "email": "",
            "phone": ""
        },
        "shipping": {
            "first_name": "",
            "last_name": "",
            "company": "",
            "address_1": "",
            "address_2": "",
            "city": "",
            "state": "",
            "postcode": "",
            "country": "",
            "phone": ""
        },
        "payment_method": "",
        "payment_method_title": "",
        "transaction_id": "",
        "customer_ip_address": "",
        "customer_user_agent": "",
        "created_via": "",
        "customer_note": "",
        "date_completed": null,
        "date_paid": null,
        "cart_hash": "",
        "order_stock_reduced": false,
        "download_permissions_granted": false,
        "new_order_email_sent": false,
        "recorded_sales": false,
        "recorded_coupon_usage_counts": false
    },
    "\u0000*\u0000data_store": {},
    "\u0000*\u0000cache_group": "orders",
    "\u0000*\u0000meta_data": [
        {
            "id": 6536,
            "key": "_shipping_hash",
            "value": "648d75e2ff30ae96a0e9cec191484ea0"
        },
        {
            "id": 6537,
            "key": "_coupons_hash",
            "value": "d751713988987e9331980363e24189ce"
        },
        {
            "id": 6538,
            "key": "_fees_hash",
            "value": "d751713988987e9331980363e24189ce"
        },
        {
            "id": 6539,
            "key": "_taxes_hash",
            "value": "d751713988987e9331980363e24189ce"
        },
        {
            "id": 6540,
            "key": "is_vat_exempt",
            "value": "no"
        },
        {
            "id": 6556,
            "key": "_wc_order_attribution_source_type",
            "value": "typein"
        },
        {
            "id": 6557,
            "key": "_wc_order_attribution_referrer",
            "value": "https:\/\/jadirstore.webdevsolutions.com.br\/wp-admin\/admin.php?page=wc-settings&tab=checkout&section=rm-pagbank"
        },
        {
            "id": 6558,
            "key": "_wc_order_attribution_utm_source",
            "value": "(direct)"
        },
        {
            "id": 6559,
            "key": "_wc_order_attribution_session_entry",
            "value": "https:\/\/jadirstore.webdevsolutions.com.br\/"
        },
        {
            "id": 6560,
            "key": "_wc_order_attribution_session_start_time",
            "value": "2025-07-17 19:24:06"
        },
        {
            "id": 6561,
            "key": "_wc_order_attribution_session_pages",
            "value": "268"
        },
        {
            "id": 6562,
            "key": "_wc_order_attribution_session_count",
            "value": "4"
        },
        {
            "id": 6563,
            "key": "_wc_order_attribution_user_agent",
            "value": "Mozilla\/5.0 (Windows NT 10.0; Win64; x64) AppleWebKit\/537.36 (KHTML, like Gecko) Chrome\/138.0.0.0 Safari\/537.36"
        },
        {
            "id": 6564,
            "key": "_wc_order_attribution_device_type",
            "value": "Desktop"
        },
        {
            "id": 6565,
            "key": "blocks_payment",
            "value": "yes"
        },
        {
            "id": 6566,
            "key": "is_production_mode",
            "value": "no"
        },
        {
            "id": 6567,
            "key": "_used_gateway",
            "value": "woo-mercado-pago-custom"
        }
    ],
    "\u0000*\u0000legacy_datastore_props": [
        "_recorded_sales",
        "_recorded_coupon_usage_counts",
        "_download_permissions_granted",
        "_order_stock_reduced",
        "_new_order_email_sent"
    ],
    "\u0000*\u0000items": {
        "line_items": {
            "326": {
                "legacy_values": null,
                "legacy_cart_item_key": null,
                "legacy_package_key": null
            }
        },
        "fee_lines": []
    },
    "\u0000*\u0000items_to_delete": [],
    "\u0000*\u0000data_store_name": "order",
    "\u0000*\u0000item_types_to_group": {
        "line_item": "line_items",
        "tax": "tax_lines",
        "shipping": "shipping_lines",
        "fee": "fee_lines",
        "coupon": "coupon_lines"
    },
    "\u0000*\u0000status_transition": false,
    "refunds": [],
    "\u0000*\u0000refunded_line_items": null,
    "customer_id": null
}
