2025-07-18T01:29:52+00:00 ERROR Message: Meliplace is not enabled \n\n\nStackstrace: #0 /home/u230564252/domains/webdevsolutions.com.br/public_html/jadirstore/wp-content/plugins/woocommerce-mercadopago/vendor/mp-plugins/php-sdk/src/Common/AbstractEntity.php(225): MercadoPago\PP\Sdk\Common\Manager->handleResponse()
#1 /home/u230564252/domains/webdevsolutions.com.br/public_html/jadirstore/wp-content/plugins/woocommerce-mercadopago/vendor/mp-plugins/php-sdk/src/Entity/Payment/Payment.php(365): MercadoPago\PP\Sdk\Common\AbstractEntity->save()
#2 /home/u230564252/domains/webdevsolutions.com.br/public_html/jadirstore/wp-content/plugins/woocommerce-mercadopago/src/Transactions/AbstractPaymentTransaction.php(40): MercadoPago\PP\Sdk\Entity\Payment\Payment->save()
#3 /home/u230564252/domains/webdevsolutions.com.br/public_html/jadirstore/wp-content/plugins/woocommerce-mercadopago/src/Gateways/TicketGateway.php(365): MercadoPago\Woocommerce\Transactions\AbstractPaymentTransaction->createPayment()
#4 /home/u230564252/domains/webdevsolutions.com.br/public_html/jadirstore/wp-content/plugins/woocommerce/src/StoreApi/Legacy.php(56): MercadoPago\Woocommerce\Gateways\TicketGateway->process_payment()
#5 /home/u230564252/domains/webdevsolutions.com.br/public_html/jadirstore/wp-includes/class-wp-hook.php(324): Automattic\WooCommerce\StoreApi\Legacy->process_legacy_payment()
#6 /home/u230564252/domains/webdevsolutions.com.br/public_html/jadirstore/wp-includes/class-wp-hook.php(348): WP_Hook->apply_filters()
#7 /home/u230564252/domains/webdevsolutions.com.br/public_html/jadirstore/wp-includes/plugin.php(565): WP_Hook->do_action()
#8 /home/u230564252/domains/webdevsolutions.com.br/public_html/jadirstore/wp-content/plugins/woocommerce/src/StoreApi/Utilities/CheckoutTrait.php(82): do_action_ref_array()
#9 /home/u230564252/domains/webdevsolutions.com.br/public_html/jadirstore/wp-content/plugins/woocommerce/src/StoreApi/Routes/V1/Checkout.php(557): Automattic\WooCommerce\StoreApi\Routes\V1\Checkout->process_payment()
#10 /home/u230564252/domains/webdevsolutions.com.br/public_html/jadirstore/wp-content/plugins/woocommerce/src/StoreApi/Routes/V1/AbstractRoute.php(119): Automattic\WooCommerce\StoreApi\Routes\V1\Checkout->get_route_post_response()
#11 /home/u230564252/domains/webdevsolutions.com.br/public_html/jadirstore/wp-content/plugins/woocommerce/src/StoreApi/Routes/V1/Checkout.php(158): Automattic\WooCommerce\StoreApi\Routes\V1\AbstractRoute->get_response_by_request_method()
#12 /home/u230564252/domains/webdevsolutions.com.br/public_html/jadirstore/wp-includes/rest-api/class-wp-rest-server.php(1292): Automattic\WooCommerce\StoreApi\Routes\V1\Checkout->get_response()
#13 /home/u230564252/domains/webdevsolutions.com.br/public_html/jadirstore/wp-includes/rest-api/class-wp-rest-server.php(1125): WP_REST_Server->respond_to_request()
#14 /home/u230564252/domains/webdevsolutions.com.br/public_html/jadirstore/wp-includes/rest-api/class-wp-rest-server.php(439): WP_REST_Server->dispatch()
#15 /home/u230564252/domains/webdevsolutions.com.br/public_html/jadirstore/wp-includes/rest-api.php(459): WP_REST_Server->serve_request()
#16 /home/u230564252/domains/webdevsolutions.com.br/public_html/jadirstore/wp-includes/class-wp-hook.php(324): rest_api_loaded()
#17 /home/u230564252/domains/webdevsolutions.com.br/public_html/jadirstore/wp-includes/class-wp-hook.php(348): WP_Hook->apply_filters()
#18 /home/u230564252/domains/webdevsolutions.com.br/public_html/jadirstore/wp-includes/plugin.php(565): WP_Hook->do_action()
#19 /home/u230564252/domains/webdevsolutions.com.br/public_html/jadirstore/wp-includes/class-wp.php(418): do_action_ref_array()
#20 /home/u230564252/domains/webdevsolutions.com.br/public_html/jadirstore/wp-includes/class-wp.php(818): WP->parse_request()
#21 /home/u230564252/domains/webdevsolutions.com.br/public_html/jadirstore/wp-includes/functions.php(1342): WP->main()
#22 /home/u230564252/domains/webdevsolutions.com.br/public_html/jadirstore/wp-blog-header.php(16): wp()
#23 /home/u230564252/domains/webdevsolutions.com.br/public_html/jadirstore/index.php(17): require('/home/u23056425...')
#24 {main} \n\n\n - Context: {
    "\u0000*\u0000id": 379,
    "\u0000*\u0000data": {
        "parent_id": 0,
        "status": "pending",
        "currency": "USD",
        "version": "10.0.2",
        "prices_include_tax": false,
        "date_created": {
            "date": "2025-07-17 22:29:33.000000",
            "timezone_type": 3,
            "timezone": "America\/Sao_Paulo"
        },
        "date_modified": {
            "date": "2025-07-17 22:29:51.000000",
            "timezone_type": 3,
            "timezone": "America\/Sao_Paulo"
        },
        "discount_total": "0",
        "discount_tax": "0",
        "shipping_total": "0",
        "shipping_tax": "0",
        "cart_tax": "0",
        "total": "87.65",
        "total_tax": "0",
        "customer_id": 2,
        "order_key": "wc_order_QgYXNtTC2YxR9",
        "billing": {
            "first_name": "ALEX",
            "last_name": "JUNIOR",
            "company": "",
            "address_1": "Casa",
            "address_2": "Casa",
            "city": "São Paulo",
            "state": "SP",
            "postcode": "08130-090",
            "country": "BR",
            "email": "alexsandropimenta16@gmail.com",
            "phone": "(11) 96881-2993"
        },
        "shipping": {
            "first_name": "ALEX",
            "last_name": "JUNIOR",
            "company": "",
            "address_1": "Rua Antônio Maria Escudero Rivas",
            "address_2": "Casa",
            "city": "São Paulo",
            "state": "SP",
            "postcode": "08130-090",
            "country": "BR",
            "phone": "11968812993"
        },
        "payment_method": "woo-mercado-pago-ticket",
        "payment_method_title": "Boleto e lotérica",
        "transaction_id": "",
        "customer_ip_address": "2804:7f0:6482:16d4:891f:db2e:9fd7:5ae",
        "customer_user_agent": "Mozilla\/5.0 (Windows NT 10.0; Win64; x64) AppleWebKit\/537.36 (KHTML, like Gecko) Chrome\/138.0.0.0 Safari\/537.36",
        "created_via": "store-api",
        "customer_note": "",
        "date_completed": null,
        "date_paid": null,
        "cart_hash": "3f7edff18fe13f246da26b70c1aca40e",
        "order_stock_reduced": false,
        "download_permissions_granted": false,
        "new_order_email_sent": false,
        "recorded_sales": false,
        "recorded_coupon_usage_counts": true
    },
    "\u0000*\u0000changes": [],
    "\u0000*\u0000object_read": true,
    "\u0000*\u0000object_type": "order",
    "\u0000*\u0000extra_data": [],
    "\u0000*\u0000default_data": {
        "parent_id": 0,
        "status": "",
        "currency": "",
        "version": "",
        "prices_include_tax": false,
        "date_created": null,
        "date_modified": null,
        "discount_total": 0,
        "discount_tax": 0,
        "shipping_total": 0,
        "shipping_tax": 0,
        "cart_tax": 0,
        "total": 0,
        "total_tax": 0,
        "customer_id": 0,
        "order_key": "",
        "billing": {
            "first_name": "",
            "last_name": "",
            "company": "",
            "address_1": "",
            "address_2": "",
            "city": "",
            "state": "",
            "postcode": "",
            "country": "",
            "email": "",
            "phone": ""
        },
        "shipping": {
            "first_name": "",
            "last_name": "",
            "company": "",
            "address_1": "",
            "address_2": "",
            "city": "",
            "state": "",
            "postcode": "",
            "country": "",
            "phone": ""
        },
        "payment_method": "",
        "payment_method_title": "",
        "transaction_id": "",
        "customer_ip_address": "",
        "customer_user_agent": "",
        "created_via": "",
        "customer_note": "",
        "date_completed": null,
        "date_paid": null,
        "cart_hash": "",
        "order_stock_reduced": false,
        "download_permissions_granted": false,
        "new_order_email_sent": false,
        "recorded_sales": false,
        "recorded_coupon_usage_counts": false
    },
    "\u0000*\u0000data_store": {},
    "\u0000*\u0000cache_group": "orders",
    "\u0000*\u0000meta_data": [
        {
            "id": 5484,
            "key": "_shipping_hash",
            "value": "c76dc4300d34c24fb700096cb652115f"
        },
        {
            "id": 5485,
            "key": "_coupons_hash",
            "value": "d751713988987e9331980363e24189ce"
        },
        {
            "id": 5486,
            "key": "_fees_hash",
            "value": "d751713988987e9331980363e24189ce"
        },
        {
            "id": 5487,
            "key": "_taxes_hash",
            "value": "d751713988987e9331980363e24189ce"
        },
        {
            "id": 5488,
            "key": "is_vat_exempt",
            "value": "no"
        },
        {
            "id": 5489,
            "key": "_wc_order_attribution_source_type",
            "value": "typein"
        },
        {
            "id": 5490,
            "key": "_wc_order_attribution_referrer",
            "value": "https:\/\/jadirstore.webdevsolutions.com.br\/wp-admin\/admin.php?page=wc-settings&tab=checkout&section=rm-pagbank"
        },
        {
            "id": 5491,
            "key": "_wc_order_attribution_utm_source",
            "value": "(direct)"
        },
        {
            "id": 5492,
            "key": "_wc_order_attribution_session_entry",
            "value": "https:\/\/jadirstore.webdevsolutions.com.br\/"
        },
        {
            "id": 5493,
            "key": "_wc_order_attribution_session_start_time",
            "value": "2025-07-17 19:24:06"
        },
        {
            "id": 5494,
            "key": "_wc_order_attribution_session_pages",
            "value": "94"
        },
        {
            "id": 5495,
            "key": "_wc_order_attribution_session_count",
            "value": "4"
        },
        {
            "id": 5496,
            "key": "_wc_order_attribution_user_agent",
            "value": "Mozilla\/5.0 (Windows NT 10.0; Win64; x64) AppleWebKit\/537.36 (KHTML, like Gecko) Chrome\/138.0.0.0 Safari\/537.36"
        },
        {
            "id": 5497,
            "key": "_wc_order_attribution_device_type",
            "value": "Desktop"
        },
        {
            "key": "blocks_payment",
            "value": "yes",
            "id": 5499
        }
    ],
    "\u0000*\u0000legacy_datastore_props": [
        "_recorded_sales",
        "_recorded_coupon_usage_counts",
        "_download_permissions_granted",
        "_order_stock_reduced",
        "_new_order_email_sent"
    ],
    "\u0000*\u0000items": {
        "line_items": {
            "245": {
                "legacy_values": null,
                "legacy_cart_item_key": null,
                "legacy_package_key": null
            }
        },
        "fee_lines": []
    },
    "\u0000*\u0000items_to_delete": [],
    "\u0000*\u0000data_store_name": "order",
    "\u0000*\u0000item_types_to_group": {
        "line_item": "line_items",
        "tax": "tax_lines",
        "shipping": "shipping_lines",
        "fee": "fee_lines",
        "coupon": "coupon_lines"
    },
    "\u0000*\u0000status_transition": false,
    "refunds": [],
    "\u0000*\u0000refunded_line_items": null,
    "customer_id": null
}
2025-07-18T01:31:43+00:00 ERROR Message: Meliplace is not enabled \n\n\nStackstrace: #0 /home/u230564252/domains/webdevsolutions.com.br/public_html/jadirstore/wp-content/plugins/woocommerce-mercadopago/vendor/mp-plugins/php-sdk/src/Common/AbstractEntity.php(225): MercadoPago\PP\Sdk\Common\Manager->handleResponse()
#1 /home/u230564252/domains/webdevsolutions.com.br/public_html/jadirstore/wp-content/plugins/woocommerce-mercadopago/vendor/mp-plugins/php-sdk/src/Entity/Payment/Payment.php(365): MercadoPago\PP\Sdk\Common\AbstractEntity->save()
#2 /home/u230564252/domains/webdevsolutions.com.br/public_html/jadirstore/wp-content/plugins/woocommerce-mercadopago/src/Transactions/AbstractPaymentTransaction.php(40): MercadoPago\PP\Sdk\Entity\Payment\Payment->save()
#3 /home/u230564252/domains/webdevsolutions.com.br/public_html/jadirstore/wp-content/plugins/woocommerce-mercadopago/src/Gateways/TicketGateway.php(365): MercadoPago\Woocommerce\Transactions\AbstractPaymentTransaction->createPayment()
#4 /home/u230564252/domains/webdevsolutions.com.br/public_html/jadirstore/wp-content/plugins/woocommerce/src/StoreApi/Legacy.php(56): MercadoPago\Woocommerce\Gateways\TicketGateway->process_payment()
#5 /home/u230564252/domains/webdevsolutions.com.br/public_html/jadirstore/wp-includes/class-wp-hook.php(324): Automattic\WooCommerce\StoreApi\Legacy->process_legacy_payment()
#6 /home/u230564252/domains/webdevsolutions.com.br/public_html/jadirstore/wp-includes/class-wp-hook.php(348): WP_Hook->apply_filters()
#7 /home/u230564252/domains/webdevsolutions.com.br/public_html/jadirstore/wp-includes/plugin.php(565): WP_Hook->do_action()
#8 /home/u230564252/domains/webdevsolutions.com.br/public_html/jadirstore/wp-content/plugins/woocommerce/src/StoreApi/Utilities/CheckoutTrait.php(82): do_action_ref_array()
#9 /home/u230564252/domains/webdevsolutions.com.br/public_html/jadirstore/wp-content/plugins/woocommerce/src/StoreApi/Routes/V1/Checkout.php(557): Automattic\WooCommerce\StoreApi\Routes\V1\Checkout->process_payment()
#10 /home/u230564252/domains/webdevsolutions.com.br/public_html/jadirstore/wp-content/plugins/woocommerce/src/StoreApi/Routes/V1/AbstractRoute.php(119): Automattic\WooCommerce\StoreApi\Routes\V1\Checkout->get_route_post_response()
#11 /home/u230564252/domains/webdevsolutions.com.br/public_html/jadirstore/wp-content/plugins/woocommerce/src/StoreApi/Routes/V1/Checkout.php(158): Automattic\WooCommerce\StoreApi\Routes\V1\AbstractRoute->get_response_by_request_method()
#12 /home/u230564252/domains/webdevsolutions.com.br/public_html/jadirstore/wp-includes/rest-api/class-wp-rest-server.php(1292): Automattic\WooCommerce\StoreApi\Routes\V1\Checkout->get_response()
#13 /home/u230564252/domains/webdevsolutions.com.br/public_html/jadirstore/wp-includes/rest-api/class-wp-rest-server.php(1125): WP_REST_Server->respond_to_request()
#14 /home/u230564252/domains/webdevsolutions.com.br/public_html/jadirstore/wp-includes/rest-api/class-wp-rest-server.php(439): WP_REST_Server->dispatch()
#15 /home/u230564252/domains/webdevsolutions.com.br/public_html/jadirstore/wp-includes/rest-api.php(459): WP_REST_Server->serve_request()
#16 /home/u230564252/domains/webdevsolutions.com.br/public_html/jadirstore/wp-includes/class-wp-hook.php(324): rest_api_loaded()
#17 /home/u230564252/domains/webdevsolutions.com.br/public_html/jadirstore/wp-includes/class-wp-hook.php(348): WP_Hook->apply_filters()
#18 /home/u230564252/domains/webdevsolutions.com.br/public_html/jadirstore/wp-includes/plugin.php(565): WP_Hook->do_action()
#19 /home/u230564252/domains/webdevsolutions.com.br/public_html/jadirstore/wp-includes/class-wp.php(418): do_action_ref_array()
#20 /home/u230564252/domains/webdevsolutions.com.br/public_html/jadirstore/wp-includes/class-wp.php(818): WP->parse_request()
#21 /home/u230564252/domains/webdevsolutions.com.br/public_html/jadirstore/wp-includes/functions.php(1342): WP->main()
#22 /home/u230564252/domains/webdevsolutions.com.br/public_html/jadirstore/wp-blog-header.php(16): wp()
#23 /home/u230564252/domains/webdevsolutions.com.br/public_html/jadirstore/index.php(17): require('/home/u23056425...')
#24 {main} \n\n\n - Context: {
    "\u0000*\u0000id": 380,
    "\u0000*\u0000data": {
        "parent_id": 0,
        "status": "pending",
        "currency": "USD",
        "version": "10.0.2",
        "prices_include_tax": false,
        "date_created": {
            "date": "2025-07-17 22:31:21.000000",
            "timezone_type": 3,
            "timezone": "America\/Sao_Paulo"
        },
        "date_modified": {
            "date": "2025-07-17 22:31:42.000000",
            "timezone_type": 3,
            "timezone": "America\/Sao_Paulo"
        },
        "discount_total": "0",
        "discount_tax": "0",
        "shipping_total": "0",
        "shipping_tax": "0",
        "cart_tax": "0",
        "total": "87.65",
        "total_tax": "0",
        "customer_id": 1,
        "order_key": "wc_order_gxPXPVfNAMZyG",
        "billing": {
            "first_name": "ALEX",
            "last_name": "JUNIOR",
            "company": "",
            "address_1": "RUA DESEMBARGADOR ARLINDO PERERIA LIMA",
            "address_2": "Casa",
            "city": "São Paulo",
            "state": "SP",
            "postcode": "68900-070",
            "country": "BR",
            "email": "desenvolvedorweb21@gmail.com",
            "phone": "11968812993"
        },
        "shipping": {
            "first_name": "ALEX",
            "last_name": "JUNIOR",
            "company": "",
            "address_1": "RUA DESEMBARGADOR ARLINDO PERERIA LIMA",
            "address_2": "Casa",
            "city": "São Paulo",
            "state": "SP",
            "postcode": "68900-070",
            "country": "BR",
            "phone": "11968812993"
        },
        "payment_method": "woo-mercado-pago-ticket",
        "payment_method_title": "Boleto e lotérica",
        "transaction_id": "",
        "customer_ip_address": "2804:7f0:6482:16d4:891f:db2e:9fd7:5ae",
        "customer_user_agent": "Mozilla\/5.0 (Windows NT 10.0; Win64; x64) AppleWebKit\/537.36 (KHTML, like Gecko) Chrome\/138.0.0.0 Safari\/537.36",
        "created_via": "store-api",
        "customer_note": "",
        "date_completed": null,
        "date_paid": null,
        "cart_hash": "cc414492c0e7bdb960a973d511eebfdb",
        "order_stock_reduced": false,
        "download_permissions_granted": false,
        "new_order_email_sent": false,
        "recorded_sales": false,
        "recorded_coupon_usage_counts": true
    },
    "\u0000*\u0000changes": [],
    "\u0000*\u0000object_read": true,
    "\u0000*\u0000object_type": "order",
    "\u0000*\u0000extra_data": [],
    "\u0000*\u0000default_data": {
        "parent_id": 0,
        "status": "",
        "currency": "",
        "version": "",
        "prices_include_tax": false,
        "date_created": null,
        "date_modified": null,
        "discount_total": 0,
        "discount_tax": 0,
        "shipping_total": 0,
        "shipping_tax": 0,
        "cart_tax": 0,
        "total": 0,
        "total_tax": 0,
        "customer_id": 0,
        "order_key": "",
        "billing": {
            "first_name": "",
            "last_name": "",
            "company": "",
            "address_1": "",
            "address_2": "",
            "city": "",
            "state": "",
            "postcode": "",
            "country": "",
            "email": "",
            "phone": ""
        },
        "shipping": {
            "first_name": "",
            "last_name": "",
            "company": "",
            "address_1": "",
            "address_2": "",
            "city": "",
            "state": "",
            "postcode": "",
            "country": "",
            "phone": ""
        },
        "payment_method": "",
        "payment_method_title": "",
        "transaction_id": "",
        "customer_ip_address": "",
        "customer_user_agent": "",
        "created_via": "",
        "customer_note": "",
        "date_completed": null,
        "date_paid": null,
        "cart_hash": "",
        "order_stock_reduced": false,
        "download_permissions_granted": false,
        "new_order_email_sent": false,
        "recorded_sales": false,
        "recorded_coupon_usage_counts": false
    },
    "\u0000*\u0000data_store": {},
    "\u0000*\u0000cache_group": "orders",
    "\u0000*\u0000meta_data": [
        {
            "id": 5544,
            "key": "_shipping_hash",
            "value": "12ba5ef508bc5e3e339dd4d8bcb323c4"
        },
        {
            "id": 5545,
            "key": "_coupons_hash",
            "value": "d751713988987e9331980363e24189ce"
        },
        {
            "id": 5546,
            "key": "_fees_hash",
            "value": "d751713988987e9331980363e24189ce"
        },
        {
            "id": 5547,
            "key": "_taxes_hash",
            "value": "d751713988987e9331980363e24189ce"
        },
        {
            "id": 5548,
            "key": "is_vat_exempt",
            "value": "no"
        },
        {
            "id": 5549,
            "key": "_wc_order_attribution_source_type",
            "value": "typein"
        },
        {
            "id": 5550,
            "key": "_wc_order_attribution_referrer",
            "value": "https:\/\/jadirstore.webdevsolutions.com.br\/wp-admin\/admin.php?page=wc-settings&tab=checkout&section=rm-pagbank"
        },
        {
            "id": 5551,
            "key": "_wc_order_attribution_utm_source",
            "value": "(direct)"
        },
        {
            "id": 5552,
            "key": "_wc_order_attribution_session_entry",
            "value": "https:\/\/jadirstore.webdevsolutions.com.br\/"
        },
        {
            "id": 5553,
            "key": "_wc_order_attribution_session_start_time",
            "value": "2025-07-17 19:24:06"
        },
        {
            "id": 5554,
            "key": "_wc_order_attribution_session_pages",
            "value": "103"
        },
        {
            "id": 5555,
            "key": "_wc_order_attribution_session_count",
            "value": "4"
        },
        {
            "id": 5556,
            "key": "_wc_order_attribution_user_agent",
            "value": "Mozilla\/5.0 (Windows NT 10.0; Win64; x64) AppleWebKit\/537.36 (KHTML, like Gecko) Chrome\/138.0.0.0 Safari\/537.36"
        },
        {
            "id": 5557,
            "key": "_wc_order_attribution_device_type",
            "value": "Desktop"
        },
        {
            "key": "blocks_payment",
            "value": "yes",
            "id": 5559
        }
    ],
    "\u0000*\u0000legacy_datastore_props": [
        "_recorded_sales",
        "_recorded_coupon_usage_counts",
        "_download_permissions_granted",
        "_order_stock_reduced",
        "_new_order_email_sent"
    ],
    "\u0000*\u0000items": {
        "line_items": {
            "247": {
                "legacy_values": null,
                "legacy_cart_item_key": null,
                "legacy_package_key": null
            }
        },
        "fee_lines": []
    },
    "\u0000*\u0000items_to_delete": [],
    "\u0000*\u0000data_store_name": "order",
    "\u0000*\u0000item_types_to_group": {
        "line_item": "line_items",
        "tax": "tax_lines",
        "shipping": "shipping_lines",
        "fee": "fee_lines",
        "coupon": "coupon_lines"
    },
    "\u0000*\u0000status_transition": false,
    "refunds": [],
    "\u0000*\u0000refunded_line_items": null,
    "customer_id": null
}
2025-07-18T01:33:17+00:00 ERROR Message: Meliplace is not enabled \n\n\nStackstrace: #0 /home/u230564252/domains/webdevsolutions.com.br/public_html/jadirstore/wp-content/plugins/woocommerce-mercadopago/vendor/mp-plugins/php-sdk/src/Common/AbstractEntity.php(225): MercadoPago\PP\Sdk\Common\Manager->handleResponse()
#1 /home/u230564252/domains/webdevsolutions.com.br/public_html/jadirstore/wp-content/plugins/woocommerce-mercadopago/vendor/mp-plugins/php-sdk/src/Entity/Payment/Payment.php(365): MercadoPago\PP\Sdk\Common\AbstractEntity->save()
#2 /home/u230564252/domains/webdevsolutions.com.br/public_html/jadirstore/wp-content/plugins/woocommerce-mercadopago/src/Transactions/AbstractPaymentTransaction.php(40): MercadoPago\PP\Sdk\Entity\Payment\Payment->save()
#3 /home/u230564252/domains/webdevsolutions.com.br/public_html/jadirstore/wp-content/plugins/woocommerce-mercadopago/src/Gateways/TicketGateway.php(365): MercadoPago\Woocommerce\Transactions\AbstractPaymentTransaction->createPayment()
#4 /home/u230564252/domains/webdevsolutions.com.br/public_html/jadirstore/wp-content/plugins/woocommerce/src/StoreApi/Legacy.php(56): MercadoPago\Woocommerce\Gateways\TicketGateway->process_payment()
#5 /home/u230564252/domains/webdevsolutions.com.br/public_html/jadirstore/wp-includes/class-wp-hook.php(324): Automattic\WooCommerce\StoreApi\Legacy->process_legacy_payment()
#6 /home/u230564252/domains/webdevsolutions.com.br/public_html/jadirstore/wp-includes/class-wp-hook.php(348): WP_Hook->apply_filters()
#7 /home/u230564252/domains/webdevsolutions.com.br/public_html/jadirstore/wp-includes/plugin.php(565): WP_Hook->do_action()
#8 /home/u230564252/domains/webdevsolutions.com.br/public_html/jadirstore/wp-content/plugins/woocommerce/src/StoreApi/Utilities/CheckoutTrait.php(82): do_action_ref_array()
#9 /home/u230564252/domains/webdevsolutions.com.br/public_html/jadirstore/wp-content/plugins/woocommerce/src/StoreApi/Routes/V1/Checkout.php(557): Automattic\WooCommerce\StoreApi\Routes\V1\Checkout->process_payment()
#10 /home/u230564252/domains/webdevsolutions.com.br/public_html/jadirstore/wp-content/plugins/woocommerce/src/StoreApi/Routes/V1/AbstractRoute.php(119): Automattic\WooCommerce\StoreApi\Routes\V1\Checkout->get_route_post_response()
#11 /home/u230564252/domains/webdevsolutions.com.br/public_html/jadirstore/wp-content/plugins/woocommerce/src/StoreApi/Routes/V1/Checkout.php(158): Automattic\WooCommerce\StoreApi\Routes\V1\AbstractRoute->get_response_by_request_method()
#12 /home/u230564252/domains/webdevsolutions.com.br/public_html/jadirstore/wp-includes/rest-api/class-wp-rest-server.php(1292): Automattic\WooCommerce\StoreApi\Routes\V1\Checkout->get_response()
#13 /home/u230564252/domains/webdevsolutions.com.br/public_html/jadirstore/wp-includes/rest-api/class-wp-rest-server.php(1125): WP_REST_Server->respond_to_request()
#14 /home/u230564252/domains/webdevsolutions.com.br/public_html/jadirstore/wp-includes/rest-api/class-wp-rest-server.php(439): WP_REST_Server->dispatch()
#15 /home/u230564252/domains/webdevsolutions.com.br/public_html/jadirstore/wp-includes/rest-api.php(459): WP_REST_Server->serve_request()
#16 /home/u230564252/domains/webdevsolutions.com.br/public_html/jadirstore/wp-includes/class-wp-hook.php(324): rest_api_loaded()
#17 /home/u230564252/domains/webdevsolutions.com.br/public_html/jadirstore/wp-includes/class-wp-hook.php(348): WP_Hook->apply_filters()
#18 /home/u230564252/domains/webdevsolutions.com.br/public_html/jadirstore/wp-includes/plugin.php(565): WP_Hook->do_action()
#19 /home/u230564252/domains/webdevsolutions.com.br/public_html/jadirstore/wp-includes/class-wp.php(418): do_action_ref_array()
#20 /home/u230564252/domains/webdevsolutions.com.br/public_html/jadirstore/wp-includes/class-wp.php(818): WP->parse_request()
#21 /home/u230564252/domains/webdevsolutions.com.br/public_html/jadirstore/wp-includes/functions.php(1342): WP->main()
#22 /home/u230564252/domains/webdevsolutions.com.br/public_html/jadirstore/wp-blog-header.php(16): wp()
#23 /home/u230564252/domains/webdevsolutions.com.br/public_html/jadirstore/index.php(17): require('/home/u23056425...')
#24 {main} \n\n\n - Context: {
    "\u0000*\u0000id": 380,
    "\u0000*\u0000data": {
        "parent_id": 0,
        "status": "pending",
        "currency": "USD",
        "version": "10.0.2",
        "prices_include_tax": false,
        "date_created": {
            "date": "2025-07-17 22:31:21.000000",
            "timezone_type": 3,
            "timezone": "America\/Sao_Paulo"
        },
        "date_modified": {
            "date": "2025-07-17 22:31:42.000000",
            "timezone_type": 3,
            "timezone": "America\/Sao_Paulo"
        },
        "discount_total": "0",
        "discount_tax": "0",
        "shipping_total": "0",
        "shipping_tax": "0",
        "cart_tax": "0",
        "total": "87.65",
        "total_tax": "0",
        "customer_id": 1,
        "order_key": "wc_order_gxPXPVfNAMZyG",
        "billing": {
            "first_name": "ALEX",
            "last_name": "JUNIOR",
            "company": "",
            "address_1": "RUA DESEMBARGADOR ARLINDO PERERIA LIMA",
            "address_2": "Casa",
            "city": "São Paulo",
            "state": "SP",
            "postcode": "68900-070",
            "country": "BR",
            "email": "desenvolvedorweb21@gmail.com",
            "phone": "11968812993"
        },
        "shipping": {
            "first_name": "ALEX",
            "last_name": "JUNIOR",
            "company": "",
            "address_1": "RUA DESEMBARGADOR ARLINDO PERERIA LIMA",
            "address_2": "Casa",
            "city": "São Paulo",
            "state": "SP",
            "postcode": "68900-070",
            "country": "BR",
            "phone": "11968812993"
        },
        "payment_method": "woo-mercado-pago-ticket",
        "payment_method_title": "Boleto e lotérica",
        "transaction_id": "",
        "customer_ip_address": "2804:7f0:6482:16d4:891f:db2e:9fd7:5ae",
        "customer_user_agent": "Mozilla\/5.0 (Windows NT 10.0; Win64; x64) AppleWebKit\/537.36 (KHTML, like Gecko) Chrome\/138.0.0.0 Safari\/537.36",
        "created_via": "store-api",
        "customer_note": "",
        "date_completed": null,
        "date_paid": null,
        "cart_hash": "cc414492c0e7bdb960a973d511eebfdb",
        "order_stock_reduced": false,
        "download_permissions_granted": false,
        "new_order_email_sent": false,
        "recorded_sales": false,
        "recorded_coupon_usage_counts": true
    },
    "\u0000*\u0000changes": [],
    "\u0000*\u0000object_read": true,
    "\u0000*\u0000object_type": "order",
    "\u0000*\u0000extra_data": [],
    "\u0000*\u0000default_data": {
        "parent_id": 0,
        "status": "",
        "currency": "",
        "version": "",
        "prices_include_tax": false,
        "date_created": null,
        "date_modified": null,
        "discount_total": 0,
        "discount_tax": 0,
        "shipping_total": 0,
        "shipping_tax": 0,
        "cart_tax": 0,
        "total": 0,
        "total_tax": 0,
        "customer_id": 0,
        "order_key": "",
        "billing": {
            "first_name": "",
            "last_name": "",
            "company": "",
            "address_1": "",
            "address_2": "",
            "city": "",
            "state": "",
            "postcode": "",
            "country": "",
            "email": "",
            "phone": ""
        },
        "shipping": {
            "first_name": "",
            "last_name": "",
            "company": "",
            "address_1": "",
            "address_2": "",
            "city": "",
            "state": "",
            "postcode": "",
            "country": "",
            "phone": ""
        },
        "payment_method": "",
        "payment_method_title": "",
        "transaction_id": "",
        "customer_ip_address": "",
        "customer_user_agent": "",
        "created_via": "",
        "customer_note": "",
        "date_completed": null,
        "date_paid": null,
        "cart_hash": "",
        "order_stock_reduced": false,
        "download_permissions_granted": false,
        "new_order_email_sent": false,
        "recorded_sales": false,
        "recorded_coupon_usage_counts": false
    },
    "\u0000*\u0000data_store": {},
    "\u0000*\u0000cache_group": "orders",
    "\u0000*\u0000meta_data": [
        {
            "id": 5544,
            "key": "_shipping_hash",
            "value": "12ba5ef508bc5e3e339dd4d8bcb323c4"
        },
        {
            "id": 5545,
            "key": "_coupons_hash",
            "value": "d751713988987e9331980363e24189ce"
        },
        {
            "id": 5546,
            "key": "_fees_hash",
            "value": "d751713988987e9331980363e24189ce"
        },
        {
            "id": 5547,
            "key": "_taxes_hash",
            "value": "d751713988987e9331980363e24189ce"
        },
        {
            "id": 5548,
            "key": "is_vat_exempt",
            "value": "no"
        },
        {
            "id": 5549,
            "key": "_wc_order_attribution_source_type",
            "value": "typein"
        },
        {
            "id": 5550,
            "key": "_wc_order_attribution_referrer",
            "value": "https:\/\/jadirstore.webdevsolutions.com.br\/wp-admin\/admin.php?page=wc-settings&tab=checkout&section=rm-pagbank"
        },
        {
            "id": 5551,
            "key": "_wc_order_attribution_utm_source",
            "value": "(direct)"
        },
        {
            "id": 5552,
            "key": "_wc_order_attribution_session_entry",
            "value": "https:\/\/jadirstore.webdevsolutions.com.br\/"
        },
        {
            "id": 5553,
            "key": "_wc_order_attribution_session_start_time",
            "value": "2025-07-17 19:24:06"
        },
        {
            "id": 5554,
            "key": "_wc_order_attribution_session_pages",
            "value": "103"
        },
        {
            "id": 5555,
            "key": "_wc_order_attribution_session_count",
            "value": "4"
        },
        {
            "id": 5556,
            "key": "_wc_order_attribution_user_agent",
            "value": "Mozilla\/5.0 (Windows NT 10.0; Win64; x64) AppleWebKit\/537.36 (KHTML, like Gecko) Chrome\/138.0.0.0 Safari\/537.36"
        },
        {
            "id": 5557,
            "key": "_wc_order_attribution_device_type",
            "value": "Desktop"
        },
        {
            "id": 5559,
            "key": "blocks_payment",
            "value": "yes"
        },
        {
            "id": 5560,
            "key": "is_production_mode",
            "value": "no"
        },
        {
            "id": 5561,
            "key": "_used_gateway",
            "value": "woo-mercado-pago-ticket"
        }
    ],
    "\u0000*\u0000legacy_datastore_props": [
        "_recorded_sales",
        "_recorded_coupon_usage_counts",
        "_download_permissions_granted",
        "_order_stock_reduced",
        "_new_order_email_sent"
    ],
    "\u0000*\u0000items": {
        "line_items": {
            "247": {
                "legacy_values": null,
                "legacy_cart_item_key": null,
                "legacy_package_key": null
            }
        },
        "fee_lines": []
    },
    "\u0000*\u0000items_to_delete": [],
    "\u0000*\u0000data_store_name": "order",
    "\u0000*\u0000item_types_to_group": {
        "line_item": "line_items",
        "tax": "tax_lines",
        "shipping": "shipping_lines",
        "fee": "fee_lines",
        "coupon": "coupon_lines"
    },
    "\u0000*\u0000status_transition": false,
    "refunds": [],
    "\u0000*\u0000refunded_line_items": null,
    "customer_id": null
}
