2025-07-16T00:35:14+00:00 DEBUG POST Request to ws-sdk/checkout-sdk/sessions with params: []
array (
)
2025-07-16T00:35:14+00:00 DEBUG Response from ws-sdk/checkout-sdk/sessions: {
    "error_messages": [
        {
            "code": "UNAUTHORIZED",
            "description": "Public Key is missing. Review AUTHORIZATION header."
        }
    ]
}
array (
)
2025-07-16T00:35:14+00:00 DEBUG Response from ws-sdk/checkout-sdk/sessions (cached): {
    "error_messages": [
        {
            "code": "UNAUTHORIZED",
            "description": "Public Key is missing. Review AUTHORIZATION header."
        }
    ]
}
array (
)
2025-07-16T00:35:14+00:00 DEBUG Erro ao calcular as parcelasArray
(
    [0] => Array
        (
            [0] => Array
                (
                    [code] => UNAUTHORIZED
                    [description] => Public Key is missing. Review AUTHORIZATION header.
                )

        )

    [1] => Array
        (
            [payment_methods] => CREDIT_CARD
            [value] => 6900
            [credit_card_bin] => 555566
            [max_installments_no_interest] => 
        )

)

array (
)
2025-07-16T00:35:20+00:00 DEBUG Response from ws-sdk/checkout-sdk/sessions (cached): {
    "error_messages": [
        {
            "code": "UNAUTHORIZED",
            "description": "Public Key is missing. Review AUTHORIZATION header."
        }
    ]
}
array (
)
2025-07-16T00:35:20+00:00 DEBUG Erro ao calcular as parcelasArray
(
    [0] => Array
        (
            [0] => Array
                (
                    [code] => UNAUTHORIZED
                    [description] => Public Key is missing. Review AUTHORIZATION header.
                )

        )

    [1] => Array
        (
            [payment_methods] => CREDIT_CARD
            [value] => 6900
            [credit_card_bin] => 555566
            [max_installments_no_interest] => 
        )

)

array (
)
2025-07-16T00:35:35+00:00 DEBUG Response from ws-sdk/checkout-sdk/sessions (cached): {
    "error_messages": [
        {
            "code": "UNAUTHORIZED",
            "description": "Public Key is missing. Review AUTHORIZATION header."
        }
    ]
}
array (
)
2025-07-16T00:35:39+00:00 DEBUG Response from ws-sdk/checkout-sdk/sessions (cached): {
    "error_messages": [
        {
            "code": "UNAUTHORIZED",
            "description": "Public Key is missing. Review AUTHORIZATION header."
        }
    ]
}
array (
)
2025-07-16T00:35:39+00:00 DEBUG Erro ao calcular as parcelasArray
(
    [0] => Array
        (
            [0] => Array
                (
                    [code] => UNAUTHORIZED
                    [description] => Public Key is missing. Review AUTHORIZATION header.
                )

        )

    [1] => Array
        (
            [payment_methods] => CREDIT_CARD
            [value] => 6900
            [credit_card_bin] => 555566
            [max_installments_no_interest] => 
        )

)

array (
)
2025-07-16T00:55:21+00:00 DEBUG POST Request to ws-sdk/checkout-sdk/sessions with params: []
array (
)
2025-07-16T00:55:21+00:00 DEBUG POST Request to ws-sdk/checkout-sdk/sessions with params: []
array (
)
2025-07-16T00:55:21+00:00 DEBUG Response from ws-sdk/checkout-sdk/sessions: {
    "error_messages": [
        {
            "code": "UNAUTHORIZED",
            "description": "Public Key is missing. Review AUTHORIZATION header."
        }
    ]
}
array (
)
2025-07-16T00:55:21+00:00 DEBUG Response from ws-sdk/checkout-sdk/sessions: {
    "error_messages": [
        {
            "code": "UNAUTHORIZED",
            "description": "Public Key is missing. Review AUTHORIZATION header."
        }
    ]
}
array (
)
2025-07-16T00:55:21+00:00 DEBUG Erro ao calcular as parcelasArray
(
    [0] => Array
        (
            [0] => Array
                (
                    [code] => UNAUTHORIZED
                    [description] => Public Key is missing. Review AUTHORIZATION header.
                )

        )

    [1] => Array
        (
            [payment_methods] => CREDIT_CARD
            [value] => 28900
            [credit_card_bin] => 555566
            [max_installments_no_interest] => 
        )

)

array (
)
2025-07-16T00:55:29+00:00 DEBUG Response from ws-sdk/checkout-sdk/sessions (cached): {
    "error_messages": [
        {
            "code": "UNAUTHORIZED",
            "description": "Public Key is missing. Review AUTHORIZATION header."
        }
    ]
}
array (
)
2025-07-16T00:55:29+00:00 DEBUG Erro ao calcular as parcelasArray
(
    [0] => Array
        (
            [0] => Array
                (
                    [code] => UNAUTHORIZED
                    [description] => Public Key is missing. Review AUTHORIZATION header.
                )

        )

    [1] => Array
        (
            [payment_methods] => CREDIT_CARD
            [value] => 8900
            [credit_card_bin] => 555566
            [max_installments_no_interest] => 
        )

)

array (
)
2025-07-16T01:14:45+00:00 DEBUG POST Request to ws-sdk/checkout-sdk/sessions with params: []
array (
)
2025-07-16T01:14:45+00:00 DEBUG Response from ws-sdk/checkout-sdk/sessions: {
    "error_messages": [
        {
            "code": "UNAUTHORIZED",
            "description": "Public Key is missing. Review AUTHORIZATION header."
        }
    ]
}
array (
)
2025-07-16T01:14:45+00:00 DEBUG Response from ws-sdk/checkout-sdk/sessions (cached): {
    "error_messages": [
        {
            "code": "UNAUTHORIZED",
            "description": "Public Key is missing. Review AUTHORIZATION header."
        }
    ]
}
array (
)
2025-07-16T01:14:45+00:00 DEBUG Erro ao calcular as parcelasArray
(
    [0] => Array
        (
            [0] => Array
                (
                    [code] => UNAUTHORIZED
                    [description] => Public Key is missing. Review AUTHORIZATION header.
                )

        )

    [1] => Array
        (
            [payment_methods] => CREDIT_CARD
            [value] => 16800
            [credit_card_bin] => 555566
            [max_installments_no_interest] => 
        )

)

array (
)
2025-07-16T01:14:58+00:00 DEBUG Response from ws-sdk/checkout-sdk/sessions (cached): {
    "error_messages": [
        {
            "code": "UNAUTHORIZED",
            "description": "Public Key is missing. Review AUTHORIZATION header."
        }
    ]
}
array (
)
2025-07-16T01:14:58+00:00 DEBUG Erro ao calcular as parcelasArray
(
    [0] => Array
        (
            [0] => Array
                (
                    [code] => UNAUTHORIZED
                    [description] => Public Key is missing. Review AUTHORIZATION header.
                )

        )

    [1] => Array
        (
            [payment_methods] => CREDIT_CARD
            [value] => 16800
            [credit_card_bin] => 555566
            [max_installments_no_interest] => 
        )

)

array (
)
2025-07-16T01:15:02+00:00 DEBUG Response from ws-sdk/checkout-sdk/sessions (cached): {
    "error_messages": [
        {
            "code": "UNAUTHORIZED",
            "description": "Public Key is missing. Review AUTHORIZATION header."
        }
    ]
}
array (
)
2025-07-16T01:15:11+00:00 DEBUG Response from ws-sdk/checkout-sdk/sessions (cached): {
    "error_messages": [
        {
            "code": "UNAUTHORIZED",
            "description": "Public Key is missing. Review AUTHORIZATION header."
        }
    ]
}
array (
)
2025-07-16T01:15:18+00:00 DEBUG Response from ws-sdk/checkout-sdk/sessions (cached): {
    "error_messages": [
        {
            "code": "UNAUTHORIZED",
            "description": "Public Key is missing. Review AUTHORIZATION header."
        }
    ]
}
array (
)
2025-07-16T01:15:19+00:00 DEBUG Erro ao calcular as parcelasArray
(
    [0] => Array
        (
            [0] => Array
                (
                    [code] => UNAUTHORIZED
                    [description] => Public Key is missing. Review AUTHORIZATION header.
                )

        )

    [1] => Array
        (
            [payment_methods] => CREDIT_CARD
            [value] => 6900
            [credit_card_bin] => 555566
            [max_installments_no_interest] => 
        )

)

array (
)
2025-07-16T01:15:40+00:00 DEBUG POST Request to ws/orders with params: {
    "reference_id": 181,
    "customer": {
        "name": "ALEX JUNIOR",
        "email": "alexsandropimenta16@gmail.com",
        "phone": [
            {
                "country": 55,
                "area": 11,
                "number": 968812993,
                "type": "MOBILE"
            }
        ]
    },
    "items": [
        {
            "reference_id": "123",
            "name": "Camisa Vermelha",
            "quantity": 1,
            "unit_amount": 6900
        }
    ],
    "shipping": {
        "address": {
            "street": "Rua Ant\u00f4nio Maria Escudero Rivas",
            "number": "...",
            "complement": "Casa",
            "locality": "...",
            "city": "S\u00e3o Paulo",
            "region": "S\u00e3o Paulo",
            "region_code": "SP",
            "country": "BRA",
            "postal_code": "08130090"
        }
    },
    "notification_urls": [
        "https:\/\/jadirstore.webdevsolutions.com.br\/?wc-api=rm_ps_notif&hash=ff39d"
    ],
    "qr_codes": [
        {
            "amount": {
                "value": 6900,
                "currency": "BRL"
            },
            "expiration_date": "2025-07-17T01:15:40+00:00"
        }
    ]
}
array (
)
2025-07-16T01:15:40+00:00 DEBUG Response from ws/orders: {
    "error_messages": [
        {
            "code": "UNAUTHORIZED",
            "description": "Public Key is missing. Review AUTHORIZATION header."
        }
    ]
}
array (
)
2025-07-16T01:15:40+00:00 ERROR Erro Connect: UNAUTHORIZED - Public Key is missing. Review AUTHORIZATION header. ()
array (
)
2025-07-16T02:36:14+00:00 DEBUG POST Request to ws-sdk/checkout-sdk/sessions with params: []
array (
)
2025-07-16T02:36:14+00:00 DEBUG Response from ws-sdk/checkout-sdk/sessions: {
    "error_messages": [
        {
            "code": "UNAUTHORIZED",
            "description": "Public Key is missing. Review AUTHORIZATION header."
        }
    ]
}
array (
)
2025-07-16T02:36:15+00:00 DEBUG Response from ws-sdk/checkout-sdk/sessions (cached): {
    "error_messages": [
        {
            "code": "UNAUTHORIZED",
            "description": "Public Key is missing. Review AUTHORIZATION header."
        }
    ]
}
array (
)
2025-07-16T02:36:15+00:00 DEBUG Erro ao calcular as parcelasArray
(
    [0] => Array
        (
            [0] => Array
                (
                    [code] => UNAUTHORIZED
                    [description] => Public Key is missing. Review AUTHORIZATION header.
                )

        )

    [1] => Array
        (
            [payment_methods] => CREDIT_CARD
            [value] => 6900
            [credit_card_bin] => 555566
            [max_installments_no_interest] => 
        )

)

array (
)
2025-07-16T04:18:33+00:00 DEBUG POST Request to ws-sdk/checkout-sdk/sessions with params: []
array (
)
2025-07-16T04:18:33+00:00 DEBUG Response from ws-sdk/checkout-sdk/sessions: {
    "error_messages": [
        {
            "code": "UNAUTHORIZED",
            "description": "Public Key is missing. Review AUTHORIZATION header."
        }
    ]
}
array (
)
2025-07-16T04:18:33+00:00 DEBUG Response from ws-sdk/checkout-sdk/sessions (cached): {
    "error_messages": [
        {
            "code": "UNAUTHORIZED",
            "description": "Public Key is missing. Review AUTHORIZATION header."
        }
    ]
}
array (
)
2025-07-16T04:18:33+00:00 DEBUG Erro ao calcular as parcelasArray
(
    [0] => Array
        (
            [0] => Array
                (
                    [code] => UNAUTHORIZED
                    [description] => Public Key is missing. Review AUTHORIZATION header.
                )

        )

    [1] => Array
        (
            [payment_methods] => CREDIT_CARD
            [value] => 6900
            [credit_card_bin] => 555566
            [max_installments_no_interest] => 
        )

)

array (
)
2025-07-16T04:18:46+00:00 DEBUG Response from ws-sdk/checkout-sdk/sessions (cached): {
    "error_messages": [
        {
            "code": "UNAUTHORIZED",
            "description": "Public Key is missing. Review AUTHORIZATION header."
        }
    ]
}
array (
)
2025-07-16T04:18:46+00:00 DEBUG Erro ao calcular as parcelasArray
(
    [0] => Array
        (
            [0] => Array
                (
                    [code] => UNAUTHORIZED
                    [description] => Public Key is missing. Review AUTHORIZATION header.
                )

        )

    [1] => Array
        (
            [payment_methods] => CREDIT_CARD
            [value] => 6900
            [credit_card_bin] => 555566
            [max_installments_no_interest] => 
        )

)

array (
)
2025-07-16T22:57:04+00:00 DEBUG POST Request to ws-sdk/checkout-sdk/sessions with params: []
array (
)
2025-07-16T22:57:04+00:00 DEBUG Response from ws-sdk/checkout-sdk/sessions: {
    "error_messages": [
        {
            "code": "UNAUTHORIZED",
            "description": "Public Key is missing. Review AUTHORIZATION header."
        }
    ]
}
array (
)
2025-07-16T22:57:04+00:00 DEBUG Response from ws-sdk/checkout-sdk/sessions (cached): {
    "error_messages": [
        {
            "code": "UNAUTHORIZED",
            "description": "Public Key is missing. Review AUTHORIZATION header."
        }
    ]
}
array (
)
2025-07-16T22:57:04+00:00 DEBUG Erro ao calcular as parcelasArray
(
    [0] => Array
        (
            [0] => Array
                (
                    [code] => UNAUTHORIZED
                    [description] => Public Key is missing. Review AUTHORIZATION header.
                )

        )

    [1] => Array
        (
            [payment_methods] => CREDIT_CARD
            [value] => 8900
            [credit_card_bin] => 555566
            [max_installments_no_interest] => 
        )

)

array (
)
2025-07-16T22:57:25+00:00 DEBUG Response from ws-sdk/checkout-sdk/sessions (cached): {
    "error_messages": [
        {
            "code": "UNAUTHORIZED",
            "description": "Public Key is missing. Review AUTHORIZATION header."
        }
    ]
}
array (
)
2025-07-16T22:57:31+00:00 DEBUG Response from ws-sdk/checkout-sdk/sessions (cached): {
    "error_messages": [
        {
            "code": "UNAUTHORIZED",
            "description": "Public Key is missing. Review AUTHORIZATION header."
        }
    ]
}
array (
)
2025-07-16T22:57:31+00:00 DEBUG Erro ao calcular as parcelasArray
(
    [0] => Array
        (
            [0] => Array
                (
                    [code] => UNAUTHORIZED
                    [description] => Public Key is missing. Review AUTHORIZATION header.
                )

        )

    [1] => Array
        (
            [payment_methods] => CREDIT_CARD
            [value] => 2817
            [credit_card_bin] => 555566
            [max_installments_no_interest] => 
        )

)

array (
)
2025-07-16T22:57:37+00:00 DEBUG POST Request to ws/orders with params: {
    "reference_id": 204,
    "customer": {
        "name": "ALEX JUNIOR",
        "email": "desenvolvedorweb21@gmail.com",
        "phone": [
            {
                "country": 55,
                "area": 11,
                "number": 968812993,
                "type": "MOBILE"
            }
        ]
    },
    "items": [
        {
            "reference_id": "197",
            "name": "Blusa com estampa abstrata de manga longa para mulheres, gola amarrada, parte superior di\u00e1ria, roup",
            "quantity": 1,
            "unit_amount": 2817
        }
    ],
    "shipping": {
        "address": {
            "street": "RUA DESEMBARGADOR ARLINDO PERERIA LIMA",
            "number": "...",
            "complement": "Casa",
            "locality": "...",
            "city": "S\u00e3o Paulo",
            "region": "S\u00e3o Paulo",
            "region_code": "SP",
            "country": "BRA",
            "postal_code": "68900070"
        }
    },
    "notification_urls": [
        "https:\/\/jadirstore.webdevsolutions.com.br\/?wc-api=rm_ps_notif&hash=3b141"
    ],
    "qr_codes": [
        {
            "amount": {
                "value": 2817,
                "currency": "BRL"
            },
            "expiration_date": "2025-07-17T22:57:37+00:00"
        }
    ]
}
array (
)
2025-07-16T22:57:37+00:00 DEBUG Response from ws/orders: {
    "error_messages": [
        {
            "code": "UNAUTHORIZED",
            "description": "Public Key is missing. Review AUTHORIZATION header."
        }
    ]
}
array (
)
2025-07-16T22:57:37+00:00 ERROR Erro Connect: UNAUTHORIZED - Public Key is missing. Review AUTHORIZATION header. ()
array (
)
2025-07-16T23:18:23+00:00 DEBUG POST Request to ws-sdk/checkout-sdk/sessions with params: []
array (
)
2025-07-16T23:18:23+00:00 DEBUG Response from ws-sdk/checkout-sdk/sessions: {
    "error_messages": [
        {
            "code": "UNAUTHORIZED",
            "description": "Public Key is missing. Review AUTHORIZATION header."
        }
    ]
}
array (
)
2025-07-16T23:18:23+00:00 DEBUG Response from ws-sdk/checkout-sdk/sessions (cached): {
    "error_messages": [
        {
            "code": "UNAUTHORIZED",
            "description": "Public Key is missing. Review AUTHORIZATION header."
        }
    ]
}
array (
)
2025-07-16T23:18:23+00:00 DEBUG Erro ao calcular as parcelasArray
(
    [0] => Array
        (
            [0] => Array
                (
                    [code] => UNAUTHORIZED
                    [description] => Public Key is missing. Review AUTHORIZATION header.
                )

        )

    [1] => Array
        (
            [payment_methods] => CREDIT_CARD
            [value] => 6900
            [credit_card_bin] => 555566
            [max_installments_no_interest] => 
        )

)

array (
)
2025-07-16T23:18:48+00:00 DEBUG Response from ws-sdk/checkout-sdk/sessions (cached): {
    "error_messages": [
        {
            "code": "UNAUTHORIZED",
            "description": "Public Key is missing. Review AUTHORIZATION header."
        }
    ]
}
array (
)
