2025-07-18T00:11:20+00:00 DEBUG POST Request to ws-sdk/checkout-sdk/sessions with params: []
array (
)
2025-07-18T00:11:20+00:00 DEBUG POST Request to ws-sdk/checkout-sdk/sessions with params: []
array (
)
2025-07-18T00:11:20+00:00 DEBUG Response from ws-sdk/checkout-sdk/sessions: {
    "session": "WtHmZEv\/BXOw3T0MBwp32KGweGeic9CK5x2r\/HbaqdDuwwb0HHiugwMzMKyAL5PU078s3roVbIHAxGkkkxtyqQaIjCyKMagYKx0bNxwMVTw0JnpStWwEUcDlx2wp5o0z5ly5jJyCvAgVmlm\/EamZLRqlHx0Q7dosZLMsFTZbex6sfKDRgk8CpAfki7SaV064O9Agy1SANdwhxvS98GfjNJl+24+2Ja0DvkIpUlANb9HtQtOd++b3qoHQ9f+aCybGF64hyvl0wllaLd+LskdQpkeuVL0qCHllAFrpFu\/XqtLihgQwkvaflNgdTcpp6qzkN8Ukd1R6mObDAUVTJFsl2w==",
    "expires_at": 1752799280129
}
array (
)
2025-07-18T00:11:20+00:00 DEBUG Response from ws-sdk/checkout-sdk/sessions: {
    "session": "RwtgQ0ghjBD0GeLKdLKjaUq4kja1+4zKpBtgaF6OPsGxR00PRED1pLiyPRLRttOzmMzlB9hXi\/1uaNYQcOL5AklmB0rbmoypl+oCdus5ZSegSZep6ovB6UikW63xN9800aTLGlcx82rFC17m7dxArHaews8Kj2DtWQ29Um\/IUTdT+xleVmlg87e3SyRSOyIIwFckwnfWd5lafgWG3K3QlBUy5DogK1ibfHPuDZeTL1VPVdRZt0MD1ULjpX8HOMp8zlfCF\/5X\/iuAexKc059N1TiltDusCbXo44qzFTsFHL19Xoj2xOzFJrBSXl22eCcXqg3pavfIiGC5RiZVyK\/nOA==",
    "expires_at": 1752799280222
}
array (
)
2025-07-18T00:28:00+00:00 DEBUG POST Request to ws-sdk/checkout-sdk/sessions with params: []
array (
)
2025-07-18T00:28:00+00:00 DEBUG Response from ws-sdk/checkout-sdk/sessions: {
    "session": "Z9Xm1VZgz\/TFqiTReMuDRT+11Px7O3p6zeanoEqx8OHtlkrmpZdvnLOGvzX9DVUvpmgEhRoIEIXEfvf89nkiTvHkyjqpB7vx+0SJ76pA3Re3TvmQ5bVsYvR8jiFs6BsesFwRNzew83\/+VNfFPTuqNAXjPe+LZ86OGZwqfUJHXSRjlENhOgpXMlAmclZA9OV+gcB93ufHS2DUSuO2ZDy5l1SvVzWxTyCHNFEsu+lGVqqC+JEA2xmoU1oFBUOZNtGTmSLU5GkAA99Jg\/LG8FRTFKiSbgZq2lMajmtb5aCQnfAVnijlx93nGj2mw4+u9atlGOmUEe1kJ19lzBXvwMd+hA==",
    "expires_at": 1752800280465
}
array (
)
2025-07-18T00:30:02+00:00 DEBUG Response from ws-sdk/checkout-sdk/sessions (cached): {
    "session": "Z9Xm1VZgz\/TFqiTReMuDRT+11Px7O3p6zeanoEqx8OHtlkrmpZdvnLOGvzX9DVUvpmgEhRoIEIXEfvf89nkiTvHkyjqpB7vx+0SJ76pA3Re3TvmQ5bVsYvR8jiFs6BsesFwRNzew83\/+VNfFPTuqNAXjPe+LZ86OGZwqfUJHXSRjlENhOgpXMlAmclZA9OV+gcB93ufHS2DUSuO2ZDy5l1SvVzWxTyCHNFEsu+lGVqqC+JEA2xmoU1oFBUOZNtGTmSLU5GkAA99Jg\/LG8FRTFKiSbgZq2lMajmtb5aCQnfAVnijlx93nGj2mw4+u9atlGOmUEe1kJ19lzBXvwMd+hA==",
    "expires_at": 1752800280465
}
array (
)
2025-07-18T00:44:14+00:00 DEBUG POST Request to ws-sdk/checkout-sdk/sessions with params: []
array (
)
2025-07-18T00:44:14+00:00 DEBUG POST Request to ws-sdk/checkout-sdk/sessions with params: []
array (
)
2025-07-18T00:44:14+00:00 DEBUG Response from ws-sdk/checkout-sdk/sessions: {
    "session": "Hzj1EWgBkeyYOoeqPRqkrnPH7sREEx15qR3TUG6kxwZe\/f\/mJUgOXXDJ1ZLP0XEB9DLIBq4aLUkkgL65wfIyeTSkcReaFRc9sLQ0U\/tc2fGMjWshVnsGKeTWz5FR9bCgrEUhnB1IFUM8qZdEp5ZY3HMLEkr2n9ekVIqsjWlzw603UMIYoNm\/PB9rklGhnooqB1Nx8SMm9uwelqft6cH+KUAIvsPqySPacbLIGmpa9agQsvHumCboomTBkholiQANAzRQzZ3By7TdvFmGSmGm2XnhJjF1pVfPosOrTUIc+DJK8OEJlbSNuDIu\/dY0ULLmczATx3uM2kc6bdWIBAYGug==",
    "expires_at": 1752801254711
}
array (
)
2025-07-18T00:44:14+00:00 DEBUG Response from ws-sdk/checkout-sdk/sessions: {
    "session": "kmK4gawb6OSHI9wtfILIVk14actFNp1\/UmZmUD6eiEYAJRsLCV2nFRrkDepIrRxuq\/xAk9JUdQcNU6FhZBMNjRyVTM\/iZ4blVOT4YY9gLxJB+KTYpM9ADeEkaKVKq+eelLwyAL36p+wV+38LXTRmdi9ywgvalisT99t3jpYv8DBQ7MHhQYcG5wTrVwAgd73hEq0wq1g5EBYUdT4K3KZ9pxlwNm+t6mngn95B3vmOGIcJN1IJ63BGRMpbIazce936qr\/O7owuhY07An6D8NpbpIoirodMBeC2LrXkoLjF+g1RI7N+Js5aHXaY5ShiNMQNEYGNOP7Gh6DRci43MxHyqg==",
    "expires_at": 1752801254778
}
array (
)
2025-07-18T00:44:16+00:00 DEBUG Response from ws-sdk/checkout-sdk/sessions (cached): {
    "session": "kmK4gawb6OSHI9wtfILIVk14actFNp1\/UmZmUD6eiEYAJRsLCV2nFRrkDepIrRxuq\/xAk9JUdQcNU6FhZBMNjRyVTM\/iZ4blVOT4YY9gLxJB+KTYpM9ADeEkaKVKq+eelLwyAL36p+wV+38LXTRmdi9ywgvalisT99t3jpYv8DBQ7MHhQYcG5wTrVwAgd73hEq0wq1g5EBYUdT4K3KZ9pxlwNm+t6mngn95B3vmOGIcJN1IJ63BGRMpbIazce936qr\/O7owuhY07An6D8NpbpIoirodMBeC2LrXkoLjF+g1RI7N+Js5aHXaY5ShiNMQNEYGNOP7Gh6DRci43MxHyqg==",
    "expires_at": 1752801254778
}
array (
)
2025-07-18T00:46:15+00:00 DEBUG Response from ws-sdk/checkout-sdk/sessions (cached): {
    "session": "kmK4gawb6OSHI9wtfILIVk14actFNp1\/UmZmUD6eiEYAJRsLCV2nFRrkDepIrRxuq\/xAk9JUdQcNU6FhZBMNjRyVTM\/iZ4blVOT4YY9gLxJB+KTYpM9ADeEkaKVKq+eelLwyAL36p+wV+38LXTRmdi9ywgvalisT99t3jpYv8DBQ7MHhQYcG5wTrVwAgd73hEq0wq1g5EBYUdT4K3KZ9pxlwNm+t6mngn95B3vmOGIcJN1IJ63BGRMpbIazce936qr\/O7owuhY07An6D8NpbpIoirodMBeC2LrXkoLjF+g1RI7N+Js5aHXaY5ShiNMQNEYGNOP7Gh6DRci43MxHyqg==",
    "expires_at": 1752801254778
}
array (
)
2025-07-18T00:46:23+00:00 DEBUG Response from ws-sdk/checkout-sdk/sessions (cached): {
    "session": "kmK4gawb6OSHI9wtfILIVk14actFNp1\/UmZmUD6eiEYAJRsLCV2nFRrkDepIrRxuq\/xAk9JUdQcNU6FhZBMNjRyVTM\/iZ4blVOT4YY9gLxJB+KTYpM9ADeEkaKVKq+eelLwyAL36p+wV+38LXTRmdi9ywgvalisT99t3jpYv8DBQ7MHhQYcG5wTrVwAgd73hEq0wq1g5EBYUdT4K3KZ9pxlwNm+t6mngn95B3vmOGIcJN1IJ63BGRMpbIazce936qr\/O7owuhY07An6D8NpbpIoirodMBeC2LrXkoLjF+g1RI7N+Js5aHXaY5ShiNMQNEYGNOP7Gh6DRci43MxHyqg==",
    "expires_at": 1752801254778
}
array (
)
2025-07-18T00:46:29+00:00 DEBUG Response from ws-sdk/checkout-sdk/sessions (cached): {
    "session": "kmK4gawb6OSHI9wtfILIVk14actFNp1\/UmZmUD6eiEYAJRsLCV2nFRrkDepIrRxuq\/xAk9JUdQcNU6FhZBMNjRyVTM\/iZ4blVOT4YY9gLxJB+KTYpM9ADeEkaKVKq+eelLwyAL36p+wV+38LXTRmdi9ywgvalisT99t3jpYv8DBQ7MHhQYcG5wTrVwAgd73hEq0wq1g5EBYUdT4K3KZ9pxlwNm+t6mngn95B3vmOGIcJN1IJ63BGRMpbIazce936qr\/O7owuhY07An6D8NpbpIoirodMBeC2LrXkoLjF+g1RI7N+Js5aHXaY5ShiNMQNEYGNOP7Gh6DRci43MxHyqg==",
    "expires_at": 1752801254778
}
array (
)
2025-07-18T00:51:08+00:00 DEBUG POST Request to ws-sdk/checkout-sdk/sessions with params: []
array (
)
2025-07-18T00:51:08+00:00 DEBUG POST Request to ws-sdk/checkout-sdk/sessions with params: []
array (
)
2025-07-18T00:51:08+00:00 DEBUG Response from ws-sdk/checkout-sdk/sessions: {
    "session": "hZ7W0DYSoIu2SbBzXoKkFfkP\/l3PKMVq2cluEWBITRf2CaggdKTflonJsvzpcSG2M1nsfE9dZzltEFZ31hrPYlJfo8Y3v3m2nPw6F7dHaXCqhsRHddWotUKHqusCgtmQmMkK5\/XRfznEoM9H0m6zY7tcO0nZ7KdGiFzi6Svrxv8xhukJvIfH4Q8cC\/bIRDNrNkm7wSHqza5RCsH8WMgomGK4IaYrfUZIaLxVPpQ6zmhQ7nRaVpKE0Dsv0tFVt9qvUCsCMsdL\/VcvI2gFy6ZcMsIhV0QrVMOP2HdkgdANJe1TNkErmXHv8sw7TfJzmXqedXXF9M3v5eptWeufbRDMwg==",
    "expires_at": 1752801668736
}
array (
)
2025-07-18T00:51:08+00:00 DEBUG Response from ws-sdk/checkout-sdk/sessions: {
    "session": "ieRk41OCCJaK9cRMugu54LsK\/4uH8CVdElRXPmWCOFvhNYpHye0n8edRuoCIOfYQODDszNMcRCkrceDExap27XH33Q+ODD\/mVR6biCOk3wvNKvetB3MYdEF5xg9l9JfcpZ+p0X54k2Gl8R6Gry6Zb9gLE78oLN0Uv\/Foazo8XmdxitM3OCElQlt+To2w6OqI9wdsGrkxeo3Unfu8jMlPJ4X8tcbd1VzpAg49ErOdEvoBMWEtNGHKYjPnnE9HST8a5EEsgBiyxtaISeXE426k85j30LCSdHTW6v4H2QCj45T9oU5qoZVXf8AEJUgaDaklfinBs7vAiR2BFVlwRq3O8Q==",
    "expires_at": 1752801668811
}
array (
)
2025-07-18T00:51:26+00:00 DEBUG Response from ws-sdk/checkout-sdk/sessions (cached): {
    "session": "ieRk41OCCJaK9cRMugu54LsK\/4uH8CVdElRXPmWCOFvhNYpHye0n8edRuoCIOfYQODDszNMcRCkrceDExap27XH33Q+ODD\/mVR6biCOk3wvNKvetB3MYdEF5xg9l9JfcpZ+p0X54k2Gl8R6Gry6Zb9gLE78oLN0Uv\/Foazo8XmdxitM3OCElQlt+To2w6OqI9wdsGrkxeo3Unfu8jMlPJ4X8tcbd1VzpAg49ErOdEvoBMWEtNGHKYjPnnE9HST8a5EEsgBiyxtaISeXE426k85j30LCSdHTW6v4H2QCj45T9oU5qoZVXf8AEJUgaDaklfinBs7vAiR2BFVlwRq3O8Q==",
    "expires_at": 1752801668811
}
array (
)
2025-07-18T00:53:40+00:00 DEBUG Response from ws-sdk/checkout-sdk/sessions (cached): {
    "session": "ieRk41OCCJaK9cRMugu54LsK\/4uH8CVdElRXPmWCOFvhNYpHye0n8edRuoCIOfYQODDszNMcRCkrceDExap27XH33Q+ODD\/mVR6biCOk3wvNKvetB3MYdEF5xg9l9JfcpZ+p0X54k2Gl8R6Gry6Zb9gLE78oLN0Uv\/Foazo8XmdxitM3OCElQlt+To2w6OqI9wdsGrkxeo3Unfu8jMlPJ4X8tcbd1VzpAg49ErOdEvoBMWEtNGHKYjPnnE9HST8a5EEsgBiyxtaISeXE426k85j30LCSdHTW6v4H2QCj45T9oU5qoZVXf8AEJUgaDaklfinBs7vAiR2BFVlwRq3O8Q==",
    "expires_at": 1752801668811
}
array (
)
2025-07-18T00:53:57+00:00 DEBUG Response from ws-sdk/checkout-sdk/sessions (cached): {
    "session": "ieRk41OCCJaK9cRMugu54LsK\/4uH8CVdElRXPmWCOFvhNYpHye0n8edRuoCIOfYQODDszNMcRCkrceDExap27XH33Q+ODD\/mVR6biCOk3wvNKvetB3MYdEF5xg9l9JfcpZ+p0X54k2Gl8R6Gry6Zb9gLE78oLN0Uv\/Foazo8XmdxitM3OCElQlt+To2w6OqI9wdsGrkxeo3Unfu8jMlPJ4X8tcbd1VzpAg49ErOdEvoBMWEtNGHKYjPnnE9HST8a5EEsgBiyxtaISeXE426k85j30LCSdHTW6v4H2QCj45T9oU5qoZVXf8AEJUgaDaklfinBs7vAiR2BFVlwRq3O8Q==",
    "expires_at": 1752801668811
}
array (
)
2025-07-18T00:59:54+00:00 DEBUG POST Request to ws-sdk/checkout-sdk/sessions with params: []
array (
)
2025-07-18T00:59:54+00:00 DEBUG Response from ws-sdk/checkout-sdk/sessions: {
    "session": "TEKJWaCC80fX9rtrOKOgAVfr7NNEiRAu6mem+F3LxN7RFBGJawwUSF90TdgcwAR8zbAI76cqGZGmBZzCpttDFD\/5PQxoDL4pfC0bxhGEtQ66zR+Tkfnh3XAXyXx\/uarWLz+GQZpNKoBazdzMlvQfbVLjiD3us2cP2+w8j2xdrTExZGQhf+8WcvqPesSX130Mx3k7XdDuuTc6tJLdk3FsYFtSAn0EdUmO3Bixq\/+Bcrhht29LzJ0w2JLHfOVdvpU6k9hGxxjXJIh8VUfbxx\/ia23XQf3nVODMJu+yFVAaa73iCqLBthqsKUHlhaceFFjKfnBrlJSL+4WyWQ9SAWHP9g==",
    "expires_at": 1752802194318
}
array (
)
2025-07-18T01:04:20+00:00 DEBUG Response from ws-sdk/checkout-sdk/sessions (cached): {
    "session": "TEKJWaCC80fX9rtrOKOgAVfr7NNEiRAu6mem+F3LxN7RFBGJawwUSF90TdgcwAR8zbAI76cqGZGmBZzCpttDFD\/5PQxoDL4pfC0bxhGEtQ66zR+Tkfnh3XAXyXx\/uarWLz+GQZpNKoBazdzMlvQfbVLjiD3us2cP2+w8j2xdrTExZGQhf+8WcvqPesSX130Mx3k7XdDuuTc6tJLdk3FsYFtSAn0EdUmO3Bixq\/+Bcrhht29LzJ0w2JLHfOVdvpU6k9hGxxjXJIh8VUfbxx\/ia23XQf3nVODMJu+yFVAaa73iCqLBthqsKUHlhaceFFjKfnBrlJSL+4WyWQ9SAWHP9g==",
    "expires_at": 1752802194318
}
array (
)
2025-07-18T01:09:36+00:00 DEBUG POST Request to ws-sdk/checkout-sdk/sessions with params: []
array (
)
2025-07-18T01:09:36+00:00 DEBUG Response from ws-sdk/checkout-sdk/sessions: {
    "session": "JsE8LjqNhFUF8pRsxuve6vKo\/TeQ7hbS\/JObeC4gVmPIcQwqeoO\/ZknNY0B0W4qNQ7dn63MliFKNDOrPArbOjru4Sra4+Pxkukw9jbsyHGUHO4A7+A6GEzcsOjWzG3v+km4tUnffxnkgJ0vRHKE4bJhU6GBofxWDQB6SOW9GK6gw15RrNtKk9MFocwT2py6BFm\/Rw4Ix9Jk8SVVAs5t1YYH7d\/HAokJ55\/dZ3YwZVmHJUjvKlSmpVePZJNQX8Ni04r9qfxdr9K0Gzb1KQQlvUat1jAiwwn3wpFMx59+d7g1OV\/vGAztMgabk5MKOhyJ77zWF6amNA1FAlNKLizFZQQ==",
    "expires_at": 1752802776457
}
array (
)
2025-07-18T01:10:02+00:00 DEBUG Response from ws-sdk/checkout-sdk/sessions (cached): {
    "session": "JsE8LjqNhFUF8pRsxuve6vKo\/TeQ7hbS\/JObeC4gVmPIcQwqeoO\/ZknNY0B0W4qNQ7dn63MliFKNDOrPArbOjru4Sra4+Pxkukw9jbsyHGUHO4A7+A6GEzcsOjWzG3v+km4tUnffxnkgJ0vRHKE4bJhU6GBofxWDQB6SOW9GK6gw15RrNtKk9MFocwT2py6BFm\/Rw4Ix9Jk8SVVAs5t1YYH7d\/HAokJ55\/dZ3YwZVmHJUjvKlSmpVePZJNQX8Ni04r9qfxdr9K0Gzb1KQQlvUat1jAiwwn3wpFMx59+d7g1OV\/vGAztMgabk5MKOhyJ77zWF6amNA1FAlNKLizFZQQ==",
    "expires_at": 1752802776457
}
array (
)
2025-07-18T01:10:02+00:00 DEBUG Response from ws-sdk/checkout-sdk/sessions (cached): {
    "session": "JsE8LjqNhFUF8pRsxuve6vKo\/TeQ7hbS\/JObeC4gVmPIcQwqeoO\/ZknNY0B0W4qNQ7dn63MliFKNDOrPArbOjru4Sra4+Pxkukw9jbsyHGUHO4A7+A6GEzcsOjWzG3v+km4tUnffxnkgJ0vRHKE4bJhU6GBofxWDQB6SOW9GK6gw15RrNtKk9MFocwT2py6BFm\/Rw4Ix9Jk8SVVAs5t1YYH7d\/HAokJ55\/dZ3YwZVmHJUjvKlSmpVePZJNQX8Ni04r9qfxdr9K0Gzb1KQQlvUat1jAiwwn3wpFMx59+d7g1OV\/vGAztMgabk5MKOhyJ77zWF6amNA1FAlNKLizFZQQ==",
    "expires_at": 1752802776457
}
array (
)
2025-07-18T01:10:04+00:00 DEBUG Response from ws-sdk/checkout-sdk/sessions (cached): {
    "session": "JsE8LjqNhFUF8pRsxuve6vKo\/TeQ7hbS\/JObeC4gVmPIcQwqeoO\/ZknNY0B0W4qNQ7dn63MliFKNDOrPArbOjru4Sra4+Pxkukw9jbsyHGUHO4A7+A6GEzcsOjWzG3v+km4tUnffxnkgJ0vRHKE4bJhU6GBofxWDQB6SOW9GK6gw15RrNtKk9MFocwT2py6BFm\/Rw4Ix9Jk8SVVAs5t1YYH7d\/HAokJ55\/dZ3YwZVmHJUjvKlSmpVePZJNQX8Ni04r9qfxdr9K0Gzb1KQQlvUat1jAiwwn3wpFMx59+d7g1OV\/vGAztMgabk5MKOhyJ77zWF6amNA1FAlNKLizFZQQ==",
    "expires_at": 1752802776457
}
array (
)
2025-07-18T01:11:12+00:00 DEBUG Response from ws-sdk/checkout-sdk/sessions (cached): {
    "session": "JsE8LjqNhFUF8pRsxuve6vKo\/TeQ7hbS\/JObeC4gVmPIcQwqeoO\/ZknNY0B0W4qNQ7dn63MliFKNDOrPArbOjru4Sra4+Pxkukw9jbsyHGUHO4A7+A6GEzcsOjWzG3v+km4tUnffxnkgJ0vRHKE4bJhU6GBofxWDQB6SOW9GK6gw15RrNtKk9MFocwT2py6BFm\/Rw4Ix9Jk8SVVAs5t1YYH7d\/HAokJ55\/dZ3YwZVmHJUjvKlSmpVePZJNQX8Ni04r9qfxdr9K0Gzb1KQQlvUat1jAiwwn3wpFMx59+d7g1OV\/vGAztMgabk5MKOhyJ77zWF6amNA1FAlNKLizFZQQ==",
    "expires_at": 1752802776457
}
array (
)
2025-07-18T01:22:09+00:00 DEBUG POST Request to ws-sdk/checkout-sdk/sessions with params: []
array (
)
2025-07-18T01:22:09+00:00 DEBUG POST Request to ws-sdk/checkout-sdk/sessions with params: []
array (
)
2025-07-18T01:22:09+00:00 DEBUG Response from ws-sdk/checkout-sdk/sessions: {
    "session": "E+V7CcNNcy74uYhkgtVjs6Q8N4+NFvG04pSfdA2kOolTVL6yD4ynJM6mfcApuJ9eJWPoJ9f4osJXemc\/qwpruvuaG8gxDRnIFwA9nPDgF9HJ42XqZz7MzqYMy90Mw3Xk8n8rTZCJ+gfuAJdwbWwHK9LBagbf5Sii+rK8PebT+2BNBksdkK1g5e6ie4QDKYWn6GZnXfUEDnwAj8eG7QyFw1GqDR07b+ROt4Oct2mf8wryyI+zJ130QQ1WBydwK399991dggDUtMhOfkwL\/UbE5fTyLOFJVL\/MVP6zxoUAdO4uwK8G2GVLxCiGfiGhAWF45W2zIIsMZesUSAcKHY9\/mQ==",
    "expires_at": 1752803529209
}
array (
)
2025-07-18T01:22:09+00:00 DEBUG Response from ws-sdk/checkout-sdk/sessions: {
    "session": "Z5s66Bff390h9y\/eGbf3iMedGcNxq29llRqru8NhFslP0sySxmajsRozcu3vHBAW9Ozt0c9HO3+pKWXKL0MxWh78Qo0zPo\/QSMOHFuRYlhIFoBXI60HEssxze6ACcjunlg2tfB\/NcDYLYrnzgq6HcMmA3zfn2+a9RXyoxThbTNI7NnMhzJFzWKeDOYMGwfsxo7AO57DQG8KqS3oWLBsg1aZ75I06BtNxaEW4mI2oIfqAqTavSCO4i9DoguI12nQ1saH59d\/juYco8VmzzwFOLPiQ54MDqYZsCepv6Iv4K9N1tCWfrNM4tQ2R7FzZypJefBHTvvi5L9J88BhWxQhT3A==",
    "expires_at": 1752803529259
}
array (
)
2025-07-18T01:22:16+00:00 DEBUG Response from ws-sdk/checkout-sdk/sessions (cached): {
    "session": "Z5s66Bff390h9y\/eGbf3iMedGcNxq29llRqru8NhFslP0sySxmajsRozcu3vHBAW9Ozt0c9HO3+pKWXKL0MxWh78Qo0zPo\/QSMOHFuRYlhIFoBXI60HEssxze6ACcjunlg2tfB\/NcDYLYrnzgq6HcMmA3zfn2+a9RXyoxThbTNI7NnMhzJFzWKeDOYMGwfsxo7AO57DQG8KqS3oWLBsg1aZ75I06BtNxaEW4mI2oIfqAqTavSCO4i9DoguI12nQ1saH59d\/juYco8VmzzwFOLPiQ54MDqYZsCepv6Iv4K9N1tCWfrNM4tQ2R7FzZypJefBHTvvi5L9J88BhWxQhT3A==",
    "expires_at": 1752803529259
}
array (
)
2025-07-18T01:22:50+00:00 DEBUG Response from ws-sdk/checkout-sdk/sessions (cached): {
    "session": "Z5s66Bff390h9y\/eGbf3iMedGcNxq29llRqru8NhFslP0sySxmajsRozcu3vHBAW9Ozt0c9HO3+pKWXKL0MxWh78Qo0zPo\/QSMOHFuRYlhIFoBXI60HEssxze6ACcjunlg2tfB\/NcDYLYrnzgq6HcMmA3zfn2+a9RXyoxThbTNI7NnMhzJFzWKeDOYMGwfsxo7AO57DQG8KqS3oWLBsg1aZ75I06BtNxaEW4mI2oIfqAqTavSCO4i9DoguI12nQ1saH59d\/juYco8VmzzwFOLPiQ54MDqYZsCepv6Iv4K9N1tCWfrNM4tQ2R7FzZypJefBHTvvi5L9J88BhWxQhT3A==",
    "expires_at": 1752803529259
}
array (
)
2025-07-18T01:23:54+00:00 DEBUG Response from ws-sdk/checkout-sdk/sessions (cached): {
    "session": "Z5s66Bff390h9y\/eGbf3iMedGcNxq29llRqru8NhFslP0sySxmajsRozcu3vHBAW9Ozt0c9HO3+pKWXKL0MxWh78Qo0zPo\/QSMOHFuRYlhIFoBXI60HEssxze6ACcjunlg2tfB\/NcDYLYrnzgq6HcMmA3zfn2+a9RXyoxThbTNI7NnMhzJFzWKeDOYMGwfsxo7AO57DQG8KqS3oWLBsg1aZ75I06BtNxaEW4mI2oIfqAqTavSCO4i9DoguI12nQ1saH59d\/juYco8VmzzwFOLPiQ54MDqYZsCepv6Iv4K9N1tCWfrNM4tQ2R7FzZypJefBHTvvi5L9J88BhWxQhT3A==",
    "expires_at": 1752803529259
}
array (
)
2025-07-18T01:24:06+00:00 DEBUG Response from ws-sdk/checkout-sdk/sessions (cached): {
    "session": "Z5s66Bff390h9y\/eGbf3iMedGcNxq29llRqru8NhFslP0sySxmajsRozcu3vHBAW9Ozt0c9HO3+pKWXKL0MxWh78Qo0zPo\/QSMOHFuRYlhIFoBXI60HEssxze6ACcjunlg2tfB\/NcDYLYrnzgq6HcMmA3zfn2+a9RXyoxThbTNI7NnMhzJFzWKeDOYMGwfsxo7AO57DQG8KqS3oWLBsg1aZ75I06BtNxaEW4mI2oIfqAqTavSCO4i9DoguI12nQ1saH59d\/juYco8VmzzwFOLPiQ54MDqYZsCepv6Iv4K9N1tCWfrNM4tQ2R7FzZypJefBHTvvi5L9J88BhWxQhT3A==",
    "expires_at": 1752803529259
}
array (
)
2025-07-18T01:25:22+00:00 DEBUG Response from ws-sdk/checkout-sdk/sessions (cached): {
    "session": "Z5s66Bff390h9y\/eGbf3iMedGcNxq29llRqru8NhFslP0sySxmajsRozcu3vHBAW9Ozt0c9HO3+pKWXKL0MxWh78Qo0zPo\/QSMOHFuRYlhIFoBXI60HEssxze6ACcjunlg2tfB\/NcDYLYrnzgq6HcMmA3zfn2+a9RXyoxThbTNI7NnMhzJFzWKeDOYMGwfsxo7AO57DQG8KqS3oWLBsg1aZ75I06BtNxaEW4mI2oIfqAqTavSCO4i9DoguI12nQ1saH59d\/juYco8VmzzwFOLPiQ54MDqYZsCepv6Iv4K9N1tCWfrNM4tQ2R7FzZypJefBHTvvi5L9J88BhWxQhT3A==",
    "expires_at": 1752803529259
}
array (
)
2025-07-18T01:26:36+00:00 DEBUG Response from ws-sdk/checkout-sdk/sessions (cached): {
    "session": "Z5s66Bff390h9y\/eGbf3iMedGcNxq29llRqru8NhFslP0sySxmajsRozcu3vHBAW9Ozt0c9HO3+pKWXKL0MxWh78Qo0zPo\/QSMOHFuRYlhIFoBXI60HEssxze6ACcjunlg2tfB\/NcDYLYrnzgq6HcMmA3zfn2+a9RXyoxThbTNI7NnMhzJFzWKeDOYMGwfsxo7AO57DQG8KqS3oWLBsg1aZ75I06BtNxaEW4mI2oIfqAqTavSCO4i9DoguI12nQ1saH59d\/juYco8VmzzwFOLPiQ54MDqYZsCepv6Iv4K9N1tCWfrNM4tQ2R7FzZypJefBHTvvi5L9J88BhWxQhT3A==",
    "expires_at": 1752803529259
}
array (
)
2025-07-18T01:26:36+00:00 DEBUG Response from ws-sdk/checkout-sdk/sessions (cached): {
    "session": "Z5s66Bff390h9y\/eGbf3iMedGcNxq29llRqru8NhFslP0sySxmajsRozcu3vHBAW9Ozt0c9HO3+pKWXKL0MxWh78Qo0zPo\/QSMOHFuRYlhIFoBXI60HEssxze6ACcjunlg2tfB\/NcDYLYrnzgq6HcMmA3zfn2+a9RXyoxThbTNI7NnMhzJFzWKeDOYMGwfsxo7AO57DQG8KqS3oWLBsg1aZ75I06BtNxaEW4mI2oIfqAqTavSCO4i9DoguI12nQ1saH59d\/juYco8VmzzwFOLPiQ54MDqYZsCepv6Iv4K9N1tCWfrNM4tQ2R7FzZypJefBHTvvi5L9J88BhWxQhT3A==",
    "expires_at": 1752803529259
}
array (
)
2025-07-18T01:27:38+00:00 DEBUG POST Request to ws-sdk/checkout-sdk/sessions with params: []
array (
)
2025-07-18T01:27:38+00:00 DEBUG Response from ws-sdk/checkout-sdk/sessions: {
    "session": "hOJnmz9PHcsikBWiw+PVjUJVy8vyhpym076lA1K26\/AhO6a2WY7bsFXfu\/+8IewRy5G76kQDG7i8LcVLfed7pWLNSQ2Rm\/YAr2GweTLRNutIUAGHtUkNew\/JyES0a1KV1tQCxTPwIOvylYf1ch1IF7A00RgofqPckmM8hXlpWlgoui76Nj3qfuzIYavtdMrChoPOX4oTe7fbv+W7WXluXdy65ajV\/Ad\/fKSKXgUuzaynVRqXxCdI\/kXwc07o8Ub7LtJrUjRKLYctoUf1x0rcJHFVjiO0JXe\/ASIr2HnJ9qJHsDY25eftkHA1\/GZNfbelgGArZJOmoCVWtC\/iBgJDQw==",
    "expires_at": 1752803858314
}
array (
)
2025-07-18T01:27:48+00:00 DEBUG Response from ws-sdk/checkout-sdk/sessions (cached): {
    "session": "hOJnmz9PHcsikBWiw+PVjUJVy8vyhpym076lA1K26\/AhO6a2WY7bsFXfu\/+8IewRy5G76kQDG7i8LcVLfed7pWLNSQ2Rm\/YAr2GweTLRNutIUAGHtUkNew\/JyES0a1KV1tQCxTPwIOvylYf1ch1IF7A00RgofqPckmM8hXlpWlgoui76Nj3qfuzIYavtdMrChoPOX4oTe7fbv+W7WXluXdy65ajV\/Ad\/fKSKXgUuzaynVRqXxCdI\/kXwc07o8Ub7LtJrUjRKLYctoUf1x0rcJHFVjiO0JXe\/ASIr2HnJ9qJHsDY25eftkHA1\/GZNfbelgGArZJOmoCVWtC\/iBgJDQw==",
    "expires_at": 1752803858314
}
array (
)
2025-07-18T01:28:37+00:00 DEBUG Response from ws-sdk/checkout-sdk/sessions (cached): {
    "session": "hOJnmz9PHcsikBWiw+PVjUJVy8vyhpym076lA1K26\/AhO6a2WY7bsFXfu\/+8IewRy5G76kQDG7i8LcVLfed7pWLNSQ2Rm\/YAr2GweTLRNutIUAGHtUkNew\/JyES0a1KV1tQCxTPwIOvylYf1ch1IF7A00RgofqPckmM8hXlpWlgoui76Nj3qfuzIYavtdMrChoPOX4oTe7fbv+W7WXluXdy65ajV\/Ad\/fKSKXgUuzaynVRqXxCdI\/kXwc07o8Ub7LtJrUjRKLYctoUf1x0rcJHFVjiO0JXe\/ASIr2HnJ9qJHsDY25eftkHA1\/GZNfbelgGArZJOmoCVWtC\/iBgJDQw==",
    "expires_at": 1752803858314
}
array (
)
2025-07-18T01:29:32+00:00 DEBUG Response from ws-sdk/checkout-sdk/sessions (cached): {
    "session": "hOJnmz9PHcsikBWiw+PVjUJVy8vyhpym076lA1K26\/AhO6a2WY7bsFXfu\/+8IewRy5G76kQDG7i8LcVLfed7pWLNSQ2Rm\/YAr2GweTLRNutIUAGHtUkNew\/JyES0a1KV1tQCxTPwIOvylYf1ch1IF7A00RgofqPckmM8hXlpWlgoui76Nj3qfuzIYavtdMrChoPOX4oTe7fbv+W7WXluXdy65ajV\/Ad\/fKSKXgUuzaynVRqXxCdI\/kXwc07o8Ub7LtJrUjRKLYctoUf1x0rcJHFVjiO0JXe\/ASIr2HnJ9qJHsDY25eftkHA1\/GZNfbelgGArZJOmoCVWtC\/iBgJDQw==",
    "expires_at": 1752803858314
}
array (
)
2025-07-18T01:29:32+00:00 DEBUG Response from ws-sdk/checkout-sdk/sessions (cached): {
    "session": "hOJnmz9PHcsikBWiw+PVjUJVy8vyhpym076lA1K26\/AhO6a2WY7bsFXfu\/+8IewRy5G76kQDG7i8LcVLfed7pWLNSQ2Rm\/YAr2GweTLRNutIUAGHtUkNew\/JyES0a1KV1tQCxTPwIOvylYf1ch1IF7A00RgofqPckmM8hXlpWlgoui76Nj3qfuzIYavtdMrChoPOX4oTe7fbv+W7WXluXdy65ajV\/Ad\/fKSKXgUuzaynVRqXxCdI\/kXwc07o8Ub7LtJrUjRKLYctoUf1x0rcJHFVjiO0JXe\/ASIr2HnJ9qJHsDY25eftkHA1\/GZNfbelgGArZJOmoCVWtC\/iBgJDQw==",
    "expires_at": 1752803858314
}
array (
)
2025-07-18T01:29:35+00:00 DEBUG Response from ws-sdk/checkout-sdk/sessions (cached): {
    "session": "hOJnmz9PHcsikBWiw+PVjUJVy8vyhpym076lA1K26\/AhO6a2WY7bsFXfu\/+8IewRy5G76kQDG7i8LcVLfed7pWLNSQ2Rm\/YAr2GweTLRNutIUAGHtUkNew\/JyES0a1KV1tQCxTPwIOvylYf1ch1IF7A00RgofqPckmM8hXlpWlgoui76Nj3qfuzIYavtdMrChoPOX4oTe7fbv+W7WXluXdy65ajV\/Ad\/fKSKXgUuzaynVRqXxCdI\/kXwc07o8Ub7LtJrUjRKLYctoUf1x0rcJHFVjiO0JXe\/ASIr2HnJ9qJHsDY25eftkHA1\/GZNfbelgGArZJOmoCVWtC\/iBgJDQw==",
    "expires_at": 1752803858314
}
array (
)
2025-07-18T01:30:23+00:00 DEBUG Response from ws-sdk/checkout-sdk/sessions (cached): {
    "session": "hOJnmz9PHcsikBWiw+PVjUJVy8vyhpym076lA1K26\/AhO6a2WY7bsFXfu\/+8IewRy5G76kQDG7i8LcVLfed7pWLNSQ2Rm\/YAr2GweTLRNutIUAGHtUkNew\/JyES0a1KV1tQCxTPwIOvylYf1ch1IF7A00RgofqPckmM8hXlpWlgoui76Nj3qfuzIYavtdMrChoPOX4oTe7fbv+W7WXluXdy65ajV\/Ad\/fKSKXgUuzaynVRqXxCdI\/kXwc07o8Ub7LtJrUjRKLYctoUf1x0rcJHFVjiO0JXe\/ASIr2HnJ9qJHsDY25eftkHA1\/GZNfbelgGArZJOmoCVWtC\/iBgJDQw==",
    "expires_at": 1752803858314
}
array (
)
2025-07-18T01:31:15+00:00 DEBUG Response from ws-sdk/checkout-sdk/sessions (cached): {
    "session": "hOJnmz9PHcsikBWiw+PVjUJVy8vyhpym076lA1K26\/AhO6a2WY7bsFXfu\/+8IewRy5G76kQDG7i8LcVLfed7pWLNSQ2Rm\/YAr2GweTLRNutIUAGHtUkNew\/JyES0a1KV1tQCxTPwIOvylYf1ch1IF7A00RgofqPckmM8hXlpWlgoui76Nj3qfuzIYavtdMrChoPOX4oTe7fbv+W7WXluXdy65ajV\/Ad\/fKSKXgUuzaynVRqXxCdI\/kXwc07o8Ub7LtJrUjRKLYctoUf1x0rcJHFVjiO0JXe\/ASIr2HnJ9qJHsDY25eftkHA1\/GZNfbelgGArZJOmoCVWtC\/iBgJDQw==",
    "expires_at": 1752803858314
}
array (
)
2025-07-18T01:31:21+00:00 DEBUG Response from ws-sdk/checkout-sdk/sessions (cached): {
    "session": "hOJnmz9PHcsikBWiw+PVjUJVy8vyhpym076lA1K26\/AhO6a2WY7bsFXfu\/+8IewRy5G76kQDG7i8LcVLfed7pWLNSQ2Rm\/YAr2GweTLRNutIUAGHtUkNew\/JyES0a1KV1tQCxTPwIOvylYf1ch1IF7A00RgofqPckmM8hXlpWlgoui76Nj3qfuzIYavtdMrChoPOX4oTe7fbv+W7WXluXdy65ajV\/Ad\/fKSKXgUuzaynVRqXxCdI\/kXwc07o8Ub7LtJrUjRKLYctoUf1x0rcJHFVjiO0JXe\/ASIr2HnJ9qJHsDY25eftkHA1\/GZNfbelgGArZJOmoCVWtC\/iBgJDQw==",
    "expires_at": 1752803858314
}
array (
)
2025-07-18T01:33:02+00:00 DEBUG POST Request to ws-sdk/checkout-sdk/sessions with params: []
array (
)
2025-07-18T01:33:03+00:00 DEBUG Response from ws-sdk/checkout-sdk/sessions: {
    "session": "QZAiMkZbl+ALdYZPfDS9AS1CrNj0i3LbTG22Y9XUSejWxTRfYI5EXncZqx9I7Ev+d+KFgfFqPlJ7\/bXce4nv5A3xJ6DSCXQ+2wRG9wOZiN\/hhLX3jFq+2IQjxBvdC9FXW6l+HPDGMUT2jkM7fEA+AKS0Xs+hhea3s+D1UPnnDRFInVfsv6Ntn1BuQZ4YZ9dQO4\/M0Bo+DrjOJHfg+g\/kZQJTsrqV5TAiwM6\/kuHnS7ivIqNnorRjdDAAK4ZyFHDUybVt2UNPi6sVl7bFBcJA9DuO55fGvs3kIG52x5\/+iAc+mHfASf5CZ2qbPDaCAMp8HIckO1hjgonLBNCGb0G\/rg==",
    "expires_at": 1752804183059
}
array (
)
2025-07-18T01:34:03+00:00 DEBUG Response from ws-sdk/checkout-sdk/sessions (cached): {
    "session": "QZAiMkZbl+ALdYZPfDS9AS1CrNj0i3LbTG22Y9XUSejWxTRfYI5EXncZqx9I7Ev+d+KFgfFqPlJ7\/bXce4nv5A3xJ6DSCXQ+2wRG9wOZiN\/hhLX3jFq+2IQjxBvdC9FXW6l+HPDGMUT2jkM7fEA+AKS0Xs+hhea3s+D1UPnnDRFInVfsv6Ntn1BuQZ4YZ9dQO4\/M0Bo+DrjOJHfg+g\/kZQJTsrqV5TAiwM6\/kuHnS7ivIqNnorRjdDAAK4ZyFHDUybVt2UNPi6sVl7bFBcJA9DuO55fGvs3kIG52x5\/+iAc+mHfASf5CZ2qbPDaCAMp8HIckO1hjgonLBNCGb0G\/rg==",
    "expires_at": 1752804183059
}
array (
)
2025-07-18T01:35:33+00:00 DEBUG Response from ws-sdk/checkout-sdk/sessions (cached): {
    "session": "QZAiMkZbl+ALdYZPfDS9AS1CrNj0i3LbTG22Y9XUSejWxTRfYI5EXncZqx9I7Ev+d+KFgfFqPlJ7\/bXce4nv5A3xJ6DSCXQ+2wRG9wOZiN\/hhLX3jFq+2IQjxBvdC9FXW6l+HPDGMUT2jkM7fEA+AKS0Xs+hhea3s+D1UPnnDRFInVfsv6Ntn1BuQZ4YZ9dQO4\/M0Bo+DrjOJHfg+g\/kZQJTsrqV5TAiwM6\/kuHnS7ivIqNnorRjdDAAK4ZyFHDUybVt2UNPi6sVl7bFBcJA9DuO55fGvs3kIG52x5\/+iAc+mHfASf5CZ2qbPDaCAMp8HIckO1hjgonLBNCGb0G\/rg==",
    "expires_at": 1752804183059
}
array (
)
2025-07-18T01:35:33+00:00 DEBUG Response from ws-sdk/checkout-sdk/sessions (cached): {
    "session": "QZAiMkZbl+ALdYZPfDS9AS1CrNj0i3LbTG22Y9XUSejWxTRfYI5EXncZqx9I7Ev+d+KFgfFqPlJ7\/bXce4nv5A3xJ6DSCXQ+2wRG9wOZiN\/hhLX3jFq+2IQjxBvdC9FXW6l+HPDGMUT2jkM7fEA+AKS0Xs+hhea3s+D1UPnnDRFInVfsv6Ntn1BuQZ4YZ9dQO4\/M0Bo+DrjOJHfg+g\/kZQJTsrqV5TAiwM6\/kuHnS7ivIqNnorRjdDAAK4ZyFHDUybVt2UNPi6sVl7bFBcJA9DuO55fGvs3kIG52x5\/+iAc+mHfASf5CZ2qbPDaCAMp8HIckO1hjgonLBNCGb0G\/rg==",
    "expires_at": 1752804183059
}
array (
)
2025-07-18T01:35:35+00:00 DEBUG Response from ws-sdk/checkout-sdk/sessions (cached): {
    "session": "QZAiMkZbl+ALdYZPfDS9AS1CrNj0i3LbTG22Y9XUSejWxTRfYI5EXncZqx9I7Ev+d+KFgfFqPlJ7\/bXce4nv5A3xJ6DSCXQ+2wRG9wOZiN\/hhLX3jFq+2IQjxBvdC9FXW6l+HPDGMUT2jkM7fEA+AKS0Xs+hhea3s+D1UPnnDRFInVfsv6Ntn1BuQZ4YZ9dQO4\/M0Bo+DrjOJHfg+g\/kZQJTsrqV5TAiwM6\/kuHnS7ivIqNnorRjdDAAK4ZyFHDUybVt2UNPi6sVl7bFBcJA9DuO55fGvs3kIG52x5\/+iAc+mHfASf5CZ2qbPDaCAMp8HIckO1hjgonLBNCGb0G\/rg==",
    "expires_at": 1752804183059
}
array (
)
2025-07-18T01:37:17+00:00 DEBUG Response from ws-sdk/checkout-sdk/sessions (cached): {
    "session": "QZAiMkZbl+ALdYZPfDS9AS1CrNj0i3LbTG22Y9XUSejWxTRfYI5EXncZqx9I7Ev+d+KFgfFqPlJ7\/bXce4nv5A3xJ6DSCXQ+2wRG9wOZiN\/hhLX3jFq+2IQjxBvdC9FXW6l+HPDGMUT2jkM7fEA+AKS0Xs+hhea3s+D1UPnnDRFInVfsv6Ntn1BuQZ4YZ9dQO4\/M0Bo+DrjOJHfg+g\/kZQJTsrqV5TAiwM6\/kuHnS7ivIqNnorRjdDAAK4ZyFHDUybVt2UNPi6sVl7bFBcJA9DuO55fGvs3kIG52x5\/+iAc+mHfASf5CZ2qbPDaCAMp8HIckO1hjgonLBNCGb0G\/rg==",
    "expires_at": 1752804183059
}
array (
)
2025-07-18T01:37:17+00:00 DEBUG Response from ws-sdk/checkout-sdk/sessions (cached): {
    "session": "QZAiMkZbl+ALdYZPfDS9AS1CrNj0i3LbTG22Y9XUSejWxTRfYI5EXncZqx9I7Ev+d+KFgfFqPlJ7\/bXce4nv5A3xJ6DSCXQ+2wRG9wOZiN\/hhLX3jFq+2IQjxBvdC9FXW6l+HPDGMUT2jkM7fEA+AKS0Xs+hhea3s+D1UPnnDRFInVfsv6Ntn1BuQZ4YZ9dQO4\/M0Bo+DrjOJHfg+g\/kZQJTsrqV5TAiwM6\/kuHnS7ivIqNnorRjdDAAK4ZyFHDUybVt2UNPi6sVl7bFBcJA9DuO55fGvs3kIG52x5\/+iAc+mHfASf5CZ2qbPDaCAMp8HIckO1hjgonLBNCGb0G\/rg==",
    "expires_at": 1752804183059
}
array (
)
2025-07-18T01:37:25+00:00 DEBUG Response from ws-sdk/checkout-sdk/sessions (cached): {
    "session": "QZAiMkZbl+ALdYZPfDS9AS1CrNj0i3LbTG22Y9XUSejWxTRfYI5EXncZqx9I7Ev+d+KFgfFqPlJ7\/bXce4nv5A3xJ6DSCXQ+2wRG9wOZiN\/hhLX3jFq+2IQjxBvdC9FXW6l+HPDGMUT2jkM7fEA+AKS0Xs+hhea3s+D1UPnnDRFInVfsv6Ntn1BuQZ4YZ9dQO4\/M0Bo+DrjOJHfg+g\/kZQJTsrqV5TAiwM6\/kuHnS7ivIqNnorRjdDAAK4ZyFHDUybVt2UNPi6sVl7bFBcJA9DuO55fGvs3kIG52x5\/+iAc+mHfASf5CZ2qbPDaCAMp8HIckO1hjgonLBNCGb0G\/rg==",
    "expires_at": 1752804183059
}
array (
)
2025-07-18T01:40:24+00:00 DEBUG POST Request to ws-sdk/checkout-sdk/sessions with params: []
array (
)
2025-07-18T01:40:24+00:00 DEBUG Response from ws-sdk/checkout-sdk/sessions: {
    "session": "caLdlsyPx9vvxZkSrJY6EwXX2q9smo6NSVparpscEojZxvYoQvhcNJ\/zS6pCJBMu1JOfGbDb\/iEHz6r4jOlD5AJD7eqw0uc1QHgUn+Y5A\/kN1D8RNOHufqDOgQCrarV5LdFL0TiIm1IrvfRT1emgReZFtyfZe2F4WDEPXn4aBRCTN11jsogzNG4u78iOAbFuFI7QjJuWGdjYwNOGmFHxeSR+uoKF2KY2\/VEuGCAU7Bl7bgXSmvtQi4ocsYRaZ6kqx+xI7infmkI29mwouoyh88mw3yIc03GlL+ZiurAylzsxcMc8QT\/\/iSXLF7bK1iiIdeAYeLAWfZgb0IuU+9IMlg==",
    "expires_at": 1752804624506
}
array (
)
2025-07-18T01:40:24+00:00 DEBUG Notificação de atualização ignorada para o pedido 183 pois o conteúdo é o mesmo da última atualização. (Atualizado via Cron)
array (
)
2025-07-18T01:40:37+00:00 DEBUG Response from ws-sdk/checkout-sdk/sessions (cached): {
    "session": "caLdlsyPx9vvxZkSrJY6EwXX2q9smo6NSVparpscEojZxvYoQvhcNJ\/zS6pCJBMu1JOfGbDb\/iEHz6r4jOlD5AJD7eqw0uc1QHgUn+Y5A\/kN1D8RNOHufqDOgQCrarV5LdFL0TiIm1IrvfRT1emgReZFtyfZe2F4WDEPXn4aBRCTN11jsogzNG4u78iOAbFuFI7QjJuWGdjYwNOGmFHxeSR+uoKF2KY2\/VEuGCAU7Bl7bgXSmvtQi4ocsYRaZ6kqx+xI7infmkI29mwouoyh88mw3yIc03GlL+ZiurAylzsxcMc8QT\/\/iSXLF7bK1iiIdeAYeLAWfZgb0IuU+9IMlg==",
    "expires_at": 1752804624506
}
array (
)
2025-07-18T01:42:26+00:00 DEBUG Response from ws-sdk/checkout-sdk/sessions (cached): {
    "session": "caLdlsyPx9vvxZkSrJY6EwXX2q9smo6NSVparpscEojZxvYoQvhcNJ\/zS6pCJBMu1JOfGbDb\/iEHz6r4jOlD5AJD7eqw0uc1QHgUn+Y5A\/kN1D8RNOHufqDOgQCrarV5LdFL0TiIm1IrvfRT1emgReZFtyfZe2F4WDEPXn4aBRCTN11jsogzNG4u78iOAbFuFI7QjJuWGdjYwNOGmFHxeSR+uoKF2KY2\/VEuGCAU7Bl7bgXSmvtQi4ocsYRaZ6kqx+xI7infmkI29mwouoyh88mw3yIc03GlL+ZiurAylzsxcMc8QT\/\/iSXLF7bK1iiIdeAYeLAWfZgb0IuU+9IMlg==",
    "expires_at": 1752804624506
}
array (
)
2025-07-18T01:42:26+00:00 DEBUG Response from ws-sdk/checkout-sdk/sessions (cached): {
    "session": "caLdlsyPx9vvxZkSrJY6EwXX2q9smo6NSVparpscEojZxvYoQvhcNJ\/zS6pCJBMu1JOfGbDb\/iEHz6r4jOlD5AJD7eqw0uc1QHgUn+Y5A\/kN1D8RNOHufqDOgQCrarV5LdFL0TiIm1IrvfRT1emgReZFtyfZe2F4WDEPXn4aBRCTN11jsogzNG4u78iOAbFuFI7QjJuWGdjYwNOGmFHxeSR+uoKF2KY2\/VEuGCAU7Bl7bgXSmvtQi4ocsYRaZ6kqx+xI7infmkI29mwouoyh88mw3yIc03GlL+ZiurAylzsxcMc8QT\/\/iSXLF7bK1iiIdeAYeLAWfZgb0IuU+9IMlg==",
    "expires_at": 1752804624506
}
array (
)
2025-07-18T01:42:28+00:00 DEBUG Response from ws-sdk/checkout-sdk/sessions (cached): {
    "session": "caLdlsyPx9vvxZkSrJY6EwXX2q9smo6NSVparpscEojZxvYoQvhcNJ\/zS6pCJBMu1JOfGbDb\/iEHz6r4jOlD5AJD7eqw0uc1QHgUn+Y5A\/kN1D8RNOHufqDOgQCrarV5LdFL0TiIm1IrvfRT1emgReZFtyfZe2F4WDEPXn4aBRCTN11jsogzNG4u78iOAbFuFI7QjJuWGdjYwNOGmFHxeSR+uoKF2KY2\/VEuGCAU7Bl7bgXSmvtQi4ocsYRaZ6kqx+xI7infmkI29mwouoyh88mw3yIc03GlL+ZiurAylzsxcMc8QT\/\/iSXLF7bK1iiIdeAYeLAWfZgb0IuU+9IMlg==",
    "expires_at": 1752804624506
}
array (
)
2025-07-18T01:42:49+00:00 DEBUG Response from ws-sdk/checkout-sdk/sessions (cached): {
    "session": "caLdlsyPx9vvxZkSrJY6EwXX2q9smo6NSVparpscEojZxvYoQvhcNJ\/zS6pCJBMu1JOfGbDb\/iEHz6r4jOlD5AJD7eqw0uc1QHgUn+Y5A\/kN1D8RNOHufqDOgQCrarV5LdFL0TiIm1IrvfRT1emgReZFtyfZe2F4WDEPXn4aBRCTN11jsogzNG4u78iOAbFuFI7QjJuWGdjYwNOGmFHxeSR+uoKF2KY2\/VEuGCAU7Bl7bgXSmvtQi4ocsYRaZ6kqx+xI7infmkI29mwouoyh88mw3yIc03GlL+ZiurAylzsxcMc8QT\/\/iSXLF7bK1iiIdeAYeLAWfZgb0IuU+9IMlg==",
    "expires_at": 1752804624506
}
array (
)
2025-07-18T01:43:00+00:00 DEBUG Response from ws-sdk/checkout-sdk/sessions (cached): {
    "session": "caLdlsyPx9vvxZkSrJY6EwXX2q9smo6NSVparpscEojZxvYoQvhcNJ\/zS6pCJBMu1JOfGbDb\/iEHz6r4jOlD5AJD7eqw0uc1QHgUn+Y5A\/kN1D8RNOHufqDOgQCrarV5LdFL0TiIm1IrvfRT1emgReZFtyfZe2F4WDEPXn4aBRCTN11jsogzNG4u78iOAbFuFI7QjJuWGdjYwNOGmFHxeSR+uoKF2KY2\/VEuGCAU7Bl7bgXSmvtQi4ocsYRaZ6kqx+xI7infmkI29mwouoyh88mw3yIc03GlL+ZiurAylzsxcMc8QT\/\/iSXLF7bK1iiIdeAYeLAWfZgb0IuU+9IMlg==",
    "expires_at": 1752804624506
}
array (
)
2025-07-18T01:43:29+00:00 DEBUG Response from ws-sdk/checkout-sdk/sessions (cached): {
    "session": "caLdlsyPx9vvxZkSrJY6EwXX2q9smo6NSVparpscEojZxvYoQvhcNJ\/zS6pCJBMu1JOfGbDb\/iEHz6r4jOlD5AJD7eqw0uc1QHgUn+Y5A\/kN1D8RNOHufqDOgQCrarV5LdFL0TiIm1IrvfRT1emgReZFtyfZe2F4WDEPXn4aBRCTN11jsogzNG4u78iOAbFuFI7QjJuWGdjYwNOGmFHxeSR+uoKF2KY2\/VEuGCAU7Bl7bgXSmvtQi4ocsYRaZ6kqx+xI7infmkI29mwouoyh88mw3yIc03GlL+ZiurAylzsxcMc8QT\/\/iSXLF7bK1iiIdeAYeLAWfZgb0IuU+9IMlg==",
    "expires_at": 1752804624506
}
array (
)
2025-07-18T01:43:30+00:00 DEBUG Response from ws-sdk/checkout-sdk/sessions (cached): {
    "session": "caLdlsyPx9vvxZkSrJY6EwXX2q9smo6NSVparpscEojZxvYoQvhcNJ\/zS6pCJBMu1JOfGbDb\/iEHz6r4jOlD5AJD7eqw0uc1QHgUn+Y5A\/kN1D8RNOHufqDOgQCrarV5LdFL0TiIm1IrvfRT1emgReZFtyfZe2F4WDEPXn4aBRCTN11jsogzNG4u78iOAbFuFI7QjJuWGdjYwNOGmFHxeSR+uoKF2KY2\/VEuGCAU7Bl7bgXSmvtQi4ocsYRaZ6kqx+xI7infmkI29mwouoyh88mw3yIc03GlL+ZiurAylzsxcMc8QT\/\/iSXLF7bK1iiIdeAYeLAWfZgb0IuU+9IMlg==",
    "expires_at": 1752804624506
}
array (
)
2025-07-18T01:43:47+00:00 DEBUG Response from ws-sdk/checkout-sdk/sessions (cached): {
    "session": "caLdlsyPx9vvxZkSrJY6EwXX2q9smo6NSVparpscEojZxvYoQvhcNJ\/zS6pCJBMu1JOfGbDb\/iEHz6r4jOlD5AJD7eqw0uc1QHgUn+Y5A\/kN1D8RNOHufqDOgQCrarV5LdFL0TiIm1IrvfRT1emgReZFtyfZe2F4WDEPXn4aBRCTN11jsogzNG4u78iOAbFuFI7QjJuWGdjYwNOGmFHxeSR+uoKF2KY2\/VEuGCAU7Bl7bgXSmvtQi4ocsYRaZ6kqx+xI7infmkI29mwouoyh88mw3yIc03GlL+ZiurAylzsxcMc8QT\/\/iSXLF7bK1iiIdeAYeLAWfZgb0IuU+9IMlg==",
    "expires_at": 1752804624506
}
array (
)
2025-07-18T01:43:52+00:00 DEBUG Response from ws-sdk/checkout-sdk/sessions (cached): {
    "session": "caLdlsyPx9vvxZkSrJY6EwXX2q9smo6NSVparpscEojZxvYoQvhcNJ\/zS6pCJBMu1JOfGbDb\/iEHz6r4jOlD5AJD7eqw0uc1QHgUn+Y5A\/kN1D8RNOHufqDOgQCrarV5LdFL0TiIm1IrvfRT1emgReZFtyfZe2F4WDEPXn4aBRCTN11jsogzNG4u78iOAbFuFI7QjJuWGdjYwNOGmFHxeSR+uoKF2KY2\/VEuGCAU7Bl7bgXSmvtQi4ocsYRaZ6kqx+xI7infmkI29mwouoyh88mw3yIc03GlL+ZiurAylzsxcMc8QT\/\/iSXLF7bK1iiIdeAYeLAWfZgb0IuU+9IMlg==",
    "expires_at": 1752804624506
}
array (
)
2025-07-18T01:47:40+00:00 DEBUG POST Request to ws-sdk/checkout-sdk/sessions with params: []
array (
)
2025-07-18T01:47:40+00:00 DEBUG POST Request to ws-sdk/checkout-sdk/sessions with params: []
array (
)
2025-07-18T01:47:40+00:00 DEBUG Response from ws-sdk/checkout-sdk/sessions: {
    "session": "dQ3UZSDyhLS5Jo3MrAL08ivoYw\/5SxJLwnKWujED2JiABuuf0HMIGAFKA7+hliX9Rv75wdePc+G7qPnEvkw1ES7DL1qjNnpyz8MT96JVZSw+s46sZ6NwaaDN4pI1OkGI85yn4jl4HHLUaXle5tdDKZd8EjEelhSVuNl9U5c1\/geXPJzGQzwE5KjKjqijw5qunBHGXQHlWpEVdaRn99T8f57j\/OroLNvp9k8LiYuMRo0IbrAUyDr4b2jrZ8T53DZCC4ZJmPsdEMuJjwZIZR7Tb7ceTriPUwqLXweGPOtd6GGfORgKo9l8UIbZeD9sbcyql7DQNMXH\/3vtCNd44O+D\/w==",
    "expires_at": 1752805060677
}
array (
)
2025-07-18T01:47:40+00:00 DEBUG Response from ws-sdk/checkout-sdk/sessions: {
    "session": "gnPEoSKQBeOJBztazuGRDk1bNoF5JcxuTLC6LAFNZ2zMBjdQchSdvuPLx03SAlD2+wIpnaiGAvAzh\/I+oI2xX7+p+wyE7vHixbGbbzqeOj\/kmuft4bcBL9E0RNoOMjHjDgJnW10aTp66OPFcgxAFCbtZm2fEvXN8jgnycXB4zk6XqXj72hbDwWIylEJfrg+06TQrPbnIjmlbdP8k1CfdnJFy1JA4RJE+WVb8nSZaNZeSORNCxlHnDdE0BxJDuEugn60nCqf1C3lQu+MDjKDo8dfrLNPWVEZNDCVvM7k02ptOaGbpij9aLzWBZy5dLQJ\/SmrY9dmee4AZWz0VKRVsEQ==",
    "expires_at": 1752805060726
}
array (
)
2025-07-18T01:47:42+00:00 DEBUG Response from ws-sdk/checkout-sdk/sessions (cached): {
    "session": "gnPEoSKQBeOJBztazuGRDk1bNoF5JcxuTLC6LAFNZ2zMBjdQchSdvuPLx03SAlD2+wIpnaiGAvAzh\/I+oI2xX7+p+wyE7vHixbGbbzqeOj\/kmuft4bcBL9E0RNoOMjHjDgJnW10aTp66OPFcgxAFCbtZm2fEvXN8jgnycXB4zk6XqXj72hbDwWIylEJfrg+06TQrPbnIjmlbdP8k1CfdnJFy1JA4RJE+WVb8nSZaNZeSORNCxlHnDdE0BxJDuEugn60nCqf1C3lQu+MDjKDo8dfrLNPWVEZNDCVvM7k02ptOaGbpij9aLzWBZy5dLQJ\/SmrY9dmee4AZWz0VKRVsEQ==",
    "expires_at": 1752805060726
}
array (
)
2025-07-18T01:47:53+00:00 DEBUG Response from ws-sdk/checkout-sdk/sessions (cached): {
    "session": "gnPEoSKQBeOJBztazuGRDk1bNoF5JcxuTLC6LAFNZ2zMBjdQchSdvuPLx03SAlD2+wIpnaiGAvAzh\/I+oI2xX7+p+wyE7vHixbGbbzqeOj\/kmuft4bcBL9E0RNoOMjHjDgJnW10aTp66OPFcgxAFCbtZm2fEvXN8jgnycXB4zk6XqXj72hbDwWIylEJfrg+06TQrPbnIjmlbdP8k1CfdnJFy1JA4RJE+WVb8nSZaNZeSORNCxlHnDdE0BxJDuEugn60nCqf1C3lQu+MDjKDo8dfrLNPWVEZNDCVvM7k02ptOaGbpij9aLzWBZy5dLQJ\/SmrY9dmee4AZWz0VKRVsEQ==",
    "expires_at": 1752805060726
}
array (
)
2025-07-18T01:48:44+00:00 DEBUG Response from ws-sdk/checkout-sdk/sessions (cached): {
    "session": "gnPEoSKQBeOJBztazuGRDk1bNoF5JcxuTLC6LAFNZ2zMBjdQchSdvuPLx03SAlD2+wIpnaiGAvAzh\/I+oI2xX7+p+wyE7vHixbGbbzqeOj\/kmuft4bcBL9E0RNoOMjHjDgJnW10aTp66OPFcgxAFCbtZm2fEvXN8jgnycXB4zk6XqXj72hbDwWIylEJfrg+06TQrPbnIjmlbdP8k1CfdnJFy1JA4RJE+WVb8nSZaNZeSORNCxlHnDdE0BxJDuEugn60nCqf1C3lQu+MDjKDo8dfrLNPWVEZNDCVvM7k02ptOaGbpij9aLzWBZy5dLQJ\/SmrY9dmee4AZWz0VKRVsEQ==",
    "expires_at": 1752805060726
}
array (
)
2025-07-18T01:48:47+00:00 DEBUG Response from ws-sdk/checkout-sdk/sessions (cached): {
    "session": "gnPEoSKQBeOJBztazuGRDk1bNoF5JcxuTLC6LAFNZ2zMBjdQchSdvuPLx03SAlD2+wIpnaiGAvAzh\/I+oI2xX7+p+wyE7vHixbGbbzqeOj\/kmuft4bcBL9E0RNoOMjHjDgJnW10aTp66OPFcgxAFCbtZm2fEvXN8jgnycXB4zk6XqXj72hbDwWIylEJfrg+06TQrPbnIjmlbdP8k1CfdnJFy1JA4RJE+WVb8nSZaNZeSORNCxlHnDdE0BxJDuEugn60nCqf1C3lQu+MDjKDo8dfrLNPWVEZNDCVvM7k02ptOaGbpij9aLzWBZy5dLQJ\/SmrY9dmee4AZWz0VKRVsEQ==",
    "expires_at": 1752805060726
}
array (
)
2025-07-18T01:52:21+00:00 DEBUG Response from ws-sdk/checkout-sdk/sessions (cached): {
    "session": "gnPEoSKQBeOJBztazuGRDk1bNoF5JcxuTLC6LAFNZ2zMBjdQchSdvuPLx03SAlD2+wIpnaiGAvAzh\/I+oI2xX7+p+wyE7vHixbGbbzqeOj\/kmuft4bcBL9E0RNoOMjHjDgJnW10aTp66OPFcgxAFCbtZm2fEvXN8jgnycXB4zk6XqXj72hbDwWIylEJfrg+06TQrPbnIjmlbdP8k1CfdnJFy1JA4RJE+WVb8nSZaNZeSORNCxlHnDdE0BxJDuEugn60nCqf1C3lQu+MDjKDo8dfrLNPWVEZNDCVvM7k02ptOaGbpij9aLzWBZy5dLQJ\/SmrY9dmee4AZWz0VKRVsEQ==",
    "expires_at": 1752805060726
}
array (
)
2025-07-18T01:52:22+00:00 DEBUG Response from ws-sdk/checkout-sdk/sessions (cached): {
    "session": "gnPEoSKQBeOJBztazuGRDk1bNoF5JcxuTLC6LAFNZ2zMBjdQchSdvuPLx03SAlD2+wIpnaiGAvAzh\/I+oI2xX7+p+wyE7vHixbGbbzqeOj\/kmuft4bcBL9E0RNoOMjHjDgJnW10aTp66OPFcgxAFCbtZm2fEvXN8jgnycXB4zk6XqXj72hbDwWIylEJfrg+06TQrPbnIjmlbdP8k1CfdnJFy1JA4RJE+WVb8nSZaNZeSORNCxlHnDdE0BxJDuEugn60nCqf1C3lQu+MDjKDo8dfrLNPWVEZNDCVvM7k02ptOaGbpij9aLzWBZy5dLQJ\/SmrY9dmee4AZWz0VKRVsEQ==",
    "expires_at": 1752805060726
}
array (
)
2025-07-18T01:52:43+00:00 DEBUG POST Request to ws-sdk/checkout-sdk/sessions with params: []
array (
)
2025-07-18T01:52:43+00:00 DEBUG Response from ws-sdk/checkout-sdk/sessions: {
    "session": "lkBLq1wcT6R2+Q8t3jp1n0WW+sMFYbuZNalCEcX2YHCdbpUwgnkUfNgrf4cWSaz3bkf0pfEm0xHe7wlZAVk\/cb3dHy1QQQg22T1e2BpmTzhQV15LwFV\/QXSVbEVTPo\/irOGO1NwWpFxgH6Pvtz8sLeWKXCHfJX7ffP+8lwZUpDqAdDexoYVLJdpY0b9ka15I+yiAanCyuX4zFqt2Nxjy6VaUqJSXAG8FEWjg5Q6GDlUIjGUV\/9kAio4x4jOZpsxpLafqRBOQk6kp4UK6c\/JFCgR0g9Ul6w60vjrBZOBKCyA5nOZwayN4oNWEiKW1C8tev6MFfWf8Zr9TV7d7Z7JstQ==",
    "expires_at": 1752805363316
}
array (
)
2025-07-18T01:53:24+00:00 DEBUG Response from ws-sdk/checkout-sdk/sessions (cached): {
    "session": "lkBLq1wcT6R2+Q8t3jp1n0WW+sMFYbuZNalCEcX2YHCdbpUwgnkUfNgrf4cWSaz3bkf0pfEm0xHe7wlZAVk\/cb3dHy1QQQg22T1e2BpmTzhQV15LwFV\/QXSVbEVTPo\/irOGO1NwWpFxgH6Pvtz8sLeWKXCHfJX7ffP+8lwZUpDqAdDexoYVLJdpY0b9ka15I+yiAanCyuX4zFqt2Nxjy6VaUqJSXAG8FEWjg5Q6GDlUIjGUV\/9kAio4x4jOZpsxpLafqRBOQk6kp4UK6c\/JFCgR0g9Ul6w60vjrBZOBKCyA5nOZwayN4oNWEiKW1C8tev6MFfWf8Zr9TV7d7Z7JstQ==",
    "expires_at": 1752805363316
}
array (
)
2025-07-18T01:53:24+00:00 DEBUG Response from ws-sdk/checkout-sdk/sessions (cached): {
    "session": "lkBLq1wcT6R2+Q8t3jp1n0WW+sMFYbuZNalCEcX2YHCdbpUwgnkUfNgrf4cWSaz3bkf0pfEm0xHe7wlZAVk\/cb3dHy1QQQg22T1e2BpmTzhQV15LwFV\/QXSVbEVTPo\/irOGO1NwWpFxgH6Pvtz8sLeWKXCHfJX7ffP+8lwZUpDqAdDexoYVLJdpY0b9ka15I+yiAanCyuX4zFqt2Nxjy6VaUqJSXAG8FEWjg5Q6GDlUIjGUV\/9kAio4x4jOZpsxpLafqRBOQk6kp4UK6c\/JFCgR0g9Ul6w60vjrBZOBKCyA5nOZwayN4oNWEiKW1C8tev6MFfWf8Zr9TV7d7Z7JstQ==",
    "expires_at": 1752805363316
}
array (
)
2025-07-18T01:53:26+00:00 DEBUG Response from ws-sdk/checkout-sdk/sessions (cached): {
    "session": "lkBLq1wcT6R2+Q8t3jp1n0WW+sMFYbuZNalCEcX2YHCdbpUwgnkUfNgrf4cWSaz3bkf0pfEm0xHe7wlZAVk\/cb3dHy1QQQg22T1e2BpmTzhQV15LwFV\/QXSVbEVTPo\/irOGO1NwWpFxgH6Pvtz8sLeWKXCHfJX7ffP+8lwZUpDqAdDexoYVLJdpY0b9ka15I+yiAanCyuX4zFqt2Nxjy6VaUqJSXAG8FEWjg5Q6GDlUIjGUV\/9kAio4x4jOZpsxpLafqRBOQk6kp4UK6c\/JFCgR0g9Ul6w60vjrBZOBKCyA5nOZwayN4oNWEiKW1C8tev6MFfWf8Zr9TV7d7Z7JstQ==",
    "expires_at": 1752805363316
}
array (
)
2025-07-18T01:53:40+00:00 DEBUG Response from ws-sdk/checkout-sdk/sessions (cached): {
    "session": "lkBLq1wcT6R2+Q8t3jp1n0WW+sMFYbuZNalCEcX2YHCdbpUwgnkUfNgrf4cWSaz3bkf0pfEm0xHe7wlZAVk\/cb3dHy1QQQg22T1e2BpmTzhQV15LwFV\/QXSVbEVTPo\/irOGO1NwWpFxgH6Pvtz8sLeWKXCHfJX7ffP+8lwZUpDqAdDexoYVLJdpY0b9ka15I+yiAanCyuX4zFqt2Nxjy6VaUqJSXAG8FEWjg5Q6GDlUIjGUV\/9kAio4x4jOZpsxpLafqRBOQk6kp4UK6c\/JFCgR0g9Ul6w60vjrBZOBKCyA5nOZwayN4oNWEiKW1C8tev6MFfWf8Zr9TV7d7Z7JstQ==",
    "expires_at": 1752805363316
}
array (
)
2025-07-18T01:53:57+00:00 DEBUG Response from ws-sdk/checkout-sdk/sessions (cached): {
    "session": "lkBLq1wcT6R2+Q8t3jp1n0WW+sMFYbuZNalCEcX2YHCdbpUwgnkUfNgrf4cWSaz3bkf0pfEm0xHe7wlZAVk\/cb3dHy1QQQg22T1e2BpmTzhQV15LwFV\/QXSVbEVTPo\/irOGO1NwWpFxgH6Pvtz8sLeWKXCHfJX7ffP+8lwZUpDqAdDexoYVLJdpY0b9ka15I+yiAanCyuX4zFqt2Nxjy6VaUqJSXAG8FEWjg5Q6GDlUIjGUV\/9kAio4x4jOZpsxpLafqRBOQk6kp4UK6c\/JFCgR0g9Ul6w60vjrBZOBKCyA5nOZwayN4oNWEiKW1C8tev6MFfWf8Zr9TV7d7Z7JstQ==",
    "expires_at": 1752805363316
}
array (
)
2025-07-18T01:53:58+00:00 DEBUG Response from ws-sdk/checkout-sdk/sessions (cached): {
    "session": "lkBLq1wcT6R2+Q8t3jp1n0WW+sMFYbuZNalCEcX2YHCdbpUwgnkUfNgrf4cWSaz3bkf0pfEm0xHe7wlZAVk\/cb3dHy1QQQg22T1e2BpmTzhQV15LwFV\/QXSVbEVTPo\/irOGO1NwWpFxgH6Pvtz8sLeWKXCHfJX7ffP+8lwZUpDqAdDexoYVLJdpY0b9ka15I+yiAanCyuX4zFqt2Nxjy6VaUqJSXAG8FEWjg5Q6GDlUIjGUV\/9kAio4x4jOZpsxpLafqRBOQk6kp4UK6c\/JFCgR0g9Ul6w60vjrBZOBKCyA5nOZwayN4oNWEiKW1C8tev6MFfWf8Zr9TV7d7Z7JstQ==",
    "expires_at": 1752805363316
}
array (
)
2025-07-18T01:58:29+00:00 DEBUG POST Request to ws-sdk/checkout-sdk/sessions with params: []
array (
)
2025-07-18T01:58:29+00:00 DEBUG POST Request to ws-sdk/checkout-sdk/sessions with params: []
array (
)
2025-07-18T01:58:29+00:00 DEBUG Response from ws-sdk/checkout-sdk/sessions: {
    "session": "TbQwQifvBShnWjVCFXfgMlRSrSbdeUh\/mp2HT1N3ws1PQVV2pBpm\/WZ5mpr7XcGkCbXvbl1+kghAs7RtzpWcfJn8RburOqIq+YEhXM7Ozp0cn\/Pz\/1H\/0ZInKusc1kMu\/4qy8o0fPxYE4nbWsE70SQwEEt\/Y6imJy2oDDV5W2RxOctTdfw0GsKq115X9iJLQYWcULxBcz5bSdgvoK\/TponGzgBXRbR8khdImqi3gIfPPtWy2xjSvkcHKi2rQx7zrB7ElRyKsdPboOIxejw+J7QcCLdoZEh5SUVYuD2uTv2GB7C36c5PxdQtonpaUJ1d+2z7O+LIQgMqYLbU0oE31vg==",
    "expires_at": 1752805709428
}
array (
)
2025-07-18T01:58:29+00:00 DEBUG Response from ws-sdk/checkout-sdk/sessions: {
    "session": "lWH0CjaOUb1jMbdBAnqsQ8nnHoXXpuPHkX8O814g\/RWejZe+Ww93rNHmWaJviURdns640uzuLBchAyxyvZGO6Ti0E8w6YIVhyy\/IVfdOMbg883Zpm43SJJ7pODmYRl8VkupUvmAdTTHRts14S6yflJ4yLLIucgOur3uGkQfooawGq38TDhC67GQxPgGniaoQWrcjllxXp7T0l+nmpESOTimQhxoQeM6nVnKK4NSxj03zPakYnBgHK060JEVJHl3FwxFsMcyE26q5qdzBomGMunLaR9+LYlaoPJ6VvX5teNas5goR+zpQhE0v7I6WTW7ab8WWsJUg+xxY9LDc2eiuGg==",
    "expires_at": 1752805709508
}
array (
)
2025-07-18T01:58:30+00:00 DEBUG Response from ws-sdk/checkout-sdk/sessions (cached): {
    "session": "lWH0CjaOUb1jMbdBAnqsQ8nnHoXXpuPHkX8O814g\/RWejZe+Ww93rNHmWaJviURdns640uzuLBchAyxyvZGO6Ti0E8w6YIVhyy\/IVfdOMbg883Zpm43SJJ7pODmYRl8VkupUvmAdTTHRts14S6yflJ4yLLIucgOur3uGkQfooawGq38TDhC67GQxPgGniaoQWrcjllxXp7T0l+nmpESOTimQhxoQeM6nVnKK4NSxj03zPakYnBgHK060JEVJHl3FwxFsMcyE26q5qdzBomGMunLaR9+LYlaoPJ6VvX5teNas5goR+zpQhE0v7I6WTW7ab8WWsJUg+xxY9LDc2eiuGg==",
    "expires_at": 1752805709508
}
array (
)
2025-07-18T02:00:44+00:00 DEBUG Response from ws-sdk/checkout-sdk/sessions (cached): {
    "session": "lWH0CjaOUb1jMbdBAnqsQ8nnHoXXpuPHkX8O814g\/RWejZe+Ww93rNHmWaJviURdns640uzuLBchAyxyvZGO6Ti0E8w6YIVhyy\/IVfdOMbg883Zpm43SJJ7pODmYRl8VkupUvmAdTTHRts14S6yflJ4yLLIucgOur3uGkQfooawGq38TDhC67GQxPgGniaoQWrcjllxXp7T0l+nmpESOTimQhxoQeM6nVnKK4NSxj03zPakYnBgHK060JEVJHl3FwxFsMcyE26q5qdzBomGMunLaR9+LYlaoPJ6VvX5teNas5goR+zpQhE0v7I6WTW7ab8WWsJUg+xxY9LDc2eiuGg==",
    "expires_at": 1752805709508
}
array (
)
2025-07-18T02:01:21+00:00 DEBUG Response from ws-sdk/checkout-sdk/sessions (cached): {
    "session": "lWH0CjaOUb1jMbdBAnqsQ8nnHoXXpuPHkX8O814g\/RWejZe+Ww93rNHmWaJviURdns640uzuLBchAyxyvZGO6Ti0E8w6YIVhyy\/IVfdOMbg883Zpm43SJJ7pODmYRl8VkupUvmAdTTHRts14S6yflJ4yLLIucgOur3uGkQfooawGq38TDhC67GQxPgGniaoQWrcjllxXp7T0l+nmpESOTimQhxoQeM6nVnKK4NSxj03zPakYnBgHK060JEVJHl3FwxFsMcyE26q5qdzBomGMunLaR9+LYlaoPJ6VvX5teNas5goR+zpQhE0v7I6WTW7ab8WWsJUg+xxY9LDc2eiuGg==",
    "expires_at": 1752805709508
}
array (
)
2025-07-18T02:01:22+00:00 DEBUG Response from ws-sdk/checkout-sdk/sessions (cached): {
    "session": "lWH0CjaOUb1jMbdBAnqsQ8nnHoXXpuPHkX8O814g\/RWejZe+Ww93rNHmWaJviURdns640uzuLBchAyxyvZGO6Ti0E8w6YIVhyy\/IVfdOMbg883Zpm43SJJ7pODmYRl8VkupUvmAdTTHRts14S6yflJ4yLLIucgOur3uGkQfooawGq38TDhC67GQxPgGniaoQWrcjllxXp7T0l+nmpESOTimQhxoQeM6nVnKK4NSxj03zPakYnBgHK060JEVJHl3FwxFsMcyE26q5qdzBomGMunLaR9+LYlaoPJ6VvX5teNas5goR+zpQhE0v7I6WTW7ab8WWsJUg+xxY9LDc2eiuGg==",
    "expires_at": 1752805709508
}
array (
)
2025-07-18T02:02:02+00:00 DEBUG Response from ws-sdk/checkout-sdk/sessions (cached): {
    "session": "lWH0CjaOUb1jMbdBAnqsQ8nnHoXXpuPHkX8O814g\/RWejZe+Ww93rNHmWaJviURdns640uzuLBchAyxyvZGO6Ti0E8w6YIVhyy\/IVfdOMbg883Zpm43SJJ7pODmYRl8VkupUvmAdTTHRts14S6yflJ4yLLIucgOur3uGkQfooawGq38TDhC67GQxPgGniaoQWrcjllxXp7T0l+nmpESOTimQhxoQeM6nVnKK4NSxj03zPakYnBgHK060JEVJHl3FwxFsMcyE26q5qdzBomGMunLaR9+LYlaoPJ6VvX5teNas5goR+zpQhE0v7I6WTW7ab8WWsJUg+xxY9LDc2eiuGg==",
    "expires_at": 1752805709508
}
array (
)
2025-07-18T02:02:42+00:00 DEBUG Response from ws-sdk/checkout-sdk/sessions (cached): {
    "session": "lWH0CjaOUb1jMbdBAnqsQ8nnHoXXpuPHkX8O814g\/RWejZe+Ww93rNHmWaJviURdns640uzuLBchAyxyvZGO6Ti0E8w6YIVhyy\/IVfdOMbg883Zpm43SJJ7pODmYRl8VkupUvmAdTTHRts14S6yflJ4yLLIucgOur3uGkQfooawGq38TDhC67GQxPgGniaoQWrcjllxXp7T0l+nmpESOTimQhxoQeM6nVnKK4NSxj03zPakYnBgHK060JEVJHl3FwxFsMcyE26q5qdzBomGMunLaR9+LYlaoPJ6VvX5teNas5goR+zpQhE0v7I6WTW7ab8WWsJUg+xxY9LDc2eiuGg==",
    "expires_at": 1752805709508
}
array (
)
2025-07-18T02:02:42+00:00 DEBUG Response from ws-sdk/checkout-sdk/sessions (cached): {
    "session": "lWH0CjaOUb1jMbdBAnqsQ8nnHoXXpuPHkX8O814g\/RWejZe+Ww93rNHmWaJviURdns640uzuLBchAyxyvZGO6Ti0E8w6YIVhyy\/IVfdOMbg883Zpm43SJJ7pODmYRl8VkupUvmAdTTHRts14S6yflJ4yLLIucgOur3uGkQfooawGq38TDhC67GQxPgGniaoQWrcjllxXp7T0l+nmpESOTimQhxoQeM6nVnKK4NSxj03zPakYnBgHK060JEVJHl3FwxFsMcyE26q5qdzBomGMunLaR9+LYlaoPJ6VvX5teNas5goR+zpQhE0v7I6WTW7ab8WWsJUg+xxY9LDc2eiuGg==",
    "expires_at": 1752805709508
}
array (
)
2025-07-18T02:02:44+00:00 DEBUG Response from ws-sdk/checkout-sdk/sessions (cached): {
    "session": "lWH0CjaOUb1jMbdBAnqsQ8nnHoXXpuPHkX8O814g\/RWejZe+Ww93rNHmWaJviURdns640uzuLBchAyxyvZGO6Ti0E8w6YIVhyy\/IVfdOMbg883Zpm43SJJ7pODmYRl8VkupUvmAdTTHRts14S6yflJ4yLLIucgOur3uGkQfooawGq38TDhC67GQxPgGniaoQWrcjllxXp7T0l+nmpESOTimQhxoQeM6nVnKK4NSxj03zPakYnBgHK060JEVJHl3FwxFsMcyE26q5qdzBomGMunLaR9+LYlaoPJ6VvX5teNas5goR+zpQhE0v7I6WTW7ab8WWsJUg+xxY9LDc2eiuGg==",
    "expires_at": 1752805709508
}
array (
)
2025-07-18T02:03:17+00:00 DEBUG Response from ws-sdk/checkout-sdk/sessions (cached): {
    "session": "lWH0CjaOUb1jMbdBAnqsQ8nnHoXXpuPHkX8O814g\/RWejZe+Ww93rNHmWaJviURdns640uzuLBchAyxyvZGO6Ti0E8w6YIVhyy\/IVfdOMbg883Zpm43SJJ7pODmYRl8VkupUvmAdTTHRts14S6yflJ4yLLIucgOur3uGkQfooawGq38TDhC67GQxPgGniaoQWrcjllxXp7T0l+nmpESOTimQhxoQeM6nVnKK4NSxj03zPakYnBgHK060JEVJHl3FwxFsMcyE26q5qdzBomGMunLaR9+LYlaoPJ6VvX5teNas5goR+zpQhE0v7I6WTW7ab8WWsJUg+xxY9LDc2eiuGg==",
    "expires_at": 1752805709508
}
array (
)
2025-07-18T02:03:19+00:00 DEBUG Response from ws-sdk/checkout-sdk/sessions (cached): {
    "session": "lWH0CjaOUb1jMbdBAnqsQ8nnHoXXpuPHkX8O814g\/RWejZe+Ww93rNHmWaJviURdns640uzuLBchAyxyvZGO6Ti0E8w6YIVhyy\/IVfdOMbg883Zpm43SJJ7pODmYRl8VkupUvmAdTTHRts14S6yflJ4yLLIucgOur3uGkQfooawGq38TDhC67GQxPgGniaoQWrcjllxXp7T0l+nmpESOTimQhxoQeM6nVnKK4NSxj03zPakYnBgHK060JEVJHl3FwxFsMcyE26q5qdzBomGMunLaR9+LYlaoPJ6VvX5teNas5goR+zpQhE0v7I6WTW7ab8WWsJUg+xxY9LDc2eiuGg==",
    "expires_at": 1752805709508
}
array (
)
2025-07-18T02:03:23+00:00 DEBUG Response from ws-sdk/checkout-sdk/sessions (cached): {
    "session": "lWH0CjaOUb1jMbdBAnqsQ8nnHoXXpuPHkX8O814g\/RWejZe+Ww93rNHmWaJviURdns640uzuLBchAyxyvZGO6Ti0E8w6YIVhyy\/IVfdOMbg883Zpm43SJJ7pODmYRl8VkupUvmAdTTHRts14S6yflJ4yLLIucgOur3uGkQfooawGq38TDhC67GQxPgGniaoQWrcjllxXp7T0l+nmpESOTimQhxoQeM6nVnKK4NSxj03zPakYnBgHK060JEVJHl3FwxFsMcyE26q5qdzBomGMunLaR9+LYlaoPJ6VvX5teNas5goR+zpQhE0v7I6WTW7ab8WWsJUg+xxY9LDc2eiuGg==",
    "expires_at": 1752805709508
}
array (
)
